\BOOKMARK [0][-]{chapter*.1}{\315ndice de Tablas}{}% 1
\BOOKMARK [0][-]{chapter*.2}{\315ndice de Figuras}{}% 2
\BOOKMARK [0][-]{chapter.1}{Introducci\363n}{}% 3
\BOOKMARK [1][-]{section.1.1}{Antecedentes}{chapter.1}% 4
\BOOKMARK [1][-]{section.1.2}{Planteamiento del problema}{chapter.1}% 5
\BOOKMARK [1][-]{section.1.3}{Justificaci\363n}{chapter.1}% 6
\BOOKMARK [1][-]{section.1.4}{Objetivos}{chapter.1}% 7
\BOOKMARK [2][-]{subsection.1.4.1}{Objetivo general}{section.1.4}% 8
\BOOKMARK [2][-]{subsection.1.4.2}{Objetivos espec\355ficos}{section.1.4}% 9
\BOOKMARK [1][-]{section.1.5}{Metodolog\355a}{chapter.1}% 10
\BOOKMARK [0][-]{chapter.2}{Marco Te\363rico}{}% 11
\BOOKMARK [1][-]{section.2.1}{Sistemas de suministro de agua potable, hacia la I4.0}{chapter.2}% 12
\BOOKMARK [1][-]{section.2.2}{Industria 4.0}{chapter.2}% 13
\BOOKMARK [2][-]{subsection.2.2.1}{Sistemas Ciber-F\355sicos}{section.2.2}% 14
\BOOKMARK [2][-]{subsection.2.2.2}{Internet de las Cosas \(IoT\) e Internet Industrial de las Cosas \(IIoT\)}{section.2.2}% 15
\BOOKMARK [2][-]{subsection.2.2.3}{Anal\355tica de Datos}{section.2.2}% 16
\BOOKMARK [2][-]{subsection.2.2.4}{Empresa Inteligente}{section.2.2}% 17
\BOOKMARK [1][-]{section.2.3}{Gemelo Digital}{chapter.2}% 18
\BOOKMARK [1][-]{section.2.4}{Modelo de Conocimiento}{chapter.2}% 19
\BOOKMARK [1][-]{section.2.5}{Modelo H\355brido}{chapter.2}% 20
\BOOKMARK [1][-]{section.2.6}{Hidrol\363gicas}{chapter.2}% 21
\BOOKMARK [2][-]{subsection.2.6.1}{\301reas de Negocio}{section.2.6}% 22
\BOOKMARK [3][-]{subsubsection.2.6.1.1}{Estudio de fuentes y caracterizaci\363n de la demanda}{subsection.2.6.1}% 23
\BOOKMARK [3][-]{subsubsection.2.6.1.2}{Operaci\363n}{subsection.2.6.1}% 24
\BOOKMARK [3][-]{subsubsection.2.6.1.3}{Comercializaci\363n}{subsection.2.6.1}% 25
\BOOKMARK [3][-]{subsubsection.2.6.1.4}{\301reas de Soporte}{subsection.2.6.1}% 26
\BOOKMARK [2][-]{subsection.2.6.2}{Cadena de Valor de cada \301rea de Negocio}{section.2.6}% 27
\BOOKMARK [3][-]{subsubsection.2.6.2.1}{Fuentes y Estudio de la Demanda}{subsection.2.6.2}% 28
\BOOKMARK [3][-]{subsubsection.2.6.2.2}{Operaciones}{subsection.2.6.2}% 29
\BOOKMARK [3][-]{subsubsection.2.6.2.3}{Comercial}{subsection.2.6.2}% 30
\BOOKMARK [3][-]{subsubsection.2.6.2.4}{Soporte}{subsection.2.6.2}% 31
\BOOKMARK [2][-]{subsection.2.6.3}{Esquema Integral de Cadena de Valor para Hidrol\363gicas}{section.2.6}% 32
\BOOKMARK [2][-]{subsection.2.6.4}{Planificaci\363n}{section.2.6}% 33
\BOOKMARK [2][-]{subsection.2.6.5}{Modelo APS en Hidrol\363gicas}{section.2.6}% 34
\BOOKMARK [1][-]{section.2.7}{Descripci\363n del Proceso de Potabilizaci\363n}{chapter.2}% 35
\BOOKMARK [2][-]{subsection.2.7.1}{Captaci\363n del agua}{section.2.7}% 36
\BOOKMARK [2][-]{subsection.2.7.2}{Determinaci\363n de las caracter\355sticas del agua cruda}{section.2.7}% 37
\BOOKMARK [3][-]{subsubsection.2.7.2.1}{Turbidez}{subsection.2.7.2}% 38
\BOOKMARK [3][-]{subsubsection.2.7.2.2}{pH}{subsection.2.7.2}% 39
\BOOKMARK [3][-]{subsubsection.2.7.2.3}{Cloro Residual}{subsection.2.7.2}% 40
\BOOKMARK [3][-]{subsubsection.2.7.2.4}{Color Aparente}{subsection.2.7.2}% 41
\BOOKMARK [3][-]{subsubsection.2.7.2.5}{Temperatura}{subsection.2.7.2}% 42
\BOOKMARK [3][-]{subsubsection.2.7.2.6}{Prueba de Jarras}{subsection.2.7.2}% 43
\BOOKMARK [2][-]{subsection.2.7.3}{Unidad de Potabilizaci\363n}{section.2.7}% 44
\BOOKMARK [3][-]{subsubsection.2.7.3.1}{Coagulaci\363n}{subsection.2.7.3}% 45
\BOOKMARK [3][-]{subsubsection.2.7.3.2}{Floculaci\363n}{subsection.2.7.3}% 46
\BOOKMARK [3][-]{subsubsection.2.7.3.3}{Sedimentaci\363n}{subsection.2.7.3}% 47
\BOOKMARK [3][-]{subsubsection.2.7.3.4}{Filtraci\363n}{subsection.2.7.3}% 48
\BOOKMARK [3][-]{subsubsection.2.7.3.5}{Desinfecci\363n}{subsection.2.7.3}% 49
\BOOKMARK [1][-]{section.2.8}{Sistemas Hol\363nicos}{chapter.2}% 50
\BOOKMARK [2][-]{subsection.2.8.1}{Descripci\363n del conocimiento de la UPH}{section.2.8}% 51
\BOOKMARK [2][-]{subsection.2.8.2}{Din\341mica del proceso f\355sico y su supervisi\363n}{section.2.8}% 52
\BOOKMARK [1][-]{section.2.9}{Unidades Hol\363nicas en Hidrol\363gicas}{chapter.2}% 53
\BOOKMARK [1][-]{section.2.10}{Epanet}{chapter.2}% 54
\BOOKMARK [0][-]{chapter.3}{Modelos del Gemelo Digital para Unidad de Potabilizaci\363n}{}% 55
\BOOKMARK [1][-]{section.3.1}{Condiciones de Operaci\363n en Potabilizaci\363n}{chapter.3}% 56
\BOOKMARK [2][-]{subsection.3.1.1}{Unidad de Coagulaci\363n}{section.3.1}% 57
\BOOKMARK [2][-]{subsection.3.1.2}{Unidad de Floculaci\363n}{section.3.1}% 58
\BOOKMARK [2][-]{subsection.3.1.3}{Unidad de Sedimentaci\363n}{section.3.1}% 59
\BOOKMARK [2][-]{subsection.3.1.4}{Unidad de Filtraci\363n}{section.3.1}% 60
\BOOKMARK [2][-]{subsection.3.1.5}{Unidad de Desinfecci\363n}{section.3.1}% 61
\BOOKMARK [0][-]{chapter.4}{Implementaci\363n}{}% 62
\BOOKMARK [1][-]{section.4.1}{Generaci\363n de la Propuesta de Gemelo Digital}{chapter.4}% 63
\BOOKMARK [1][-]{section.4.2}{Modelo de la Unidad de Coagulaci\363n}{chapter.4}% 64
\BOOKMARK [1][-]{section.4.3}{Modelo de la Unidad de Sedimentaci\363n}{chapter.4}% 65
\BOOKMARK [1][-]{section.4.4}{Emulaci\363n del Gemelo Digital}{chapter.4}% 66
\BOOKMARK [0][-]{chapter.5}{Conclusiones y Recomendaciones}{}% 67
\BOOKMARK [0][-]{chapter.6}{Anexos}{}% 68
\BOOKMARK [0][-]{table.6.1}{Bibliograf\355a}{}% 69
