This is pdfTeX, Version 3.14159265-2.6-1.40.19 (MiKTeX 2.9.6800) (preloaded format=pdflatex 2018.9.30)  5 OCT 2019 03:25
entering extended mode
**./proyecto_YsisLacruz.tex
(proyecto_YsisLacruz.tex
LaTeX2e <2018-04-01> patch level 5
("C:\Users\Ysis\AppData\Local\Programs\MiKTeX 2.9\tex\latex\base\book.cls"
Document Class: book 2014/09/29 v1.4h Standard LaTeX document class
("C:\Users\Ysis\AppData\Local\Programs\MiKTeX 2.9\tex\latex\base\bk12.clo"
File: bk12.clo 2014/09/29 v1.4h Standard LaTeX file (size option)
)
\c@part=\count80
\c@chapter=\count81
\c@section=\count82
\c@subsection=\count83
\c@subsubsection=\count84
\c@paragraph=\count85
\c@subparagraph=\count86
\c@figure=\count87
\c@table=\count88
\abovecaptionskip=\skip41
\belowcaptionskip=\skip42
\bibindent=\dimen102
)
(ulamonog.sty
Package: ulamonog 2006/03/19, v. 0.9

(c) 2006 Richard Marquez, Universidad de Los Andes
 

("C:\Users\Ysis\AppData\Local\Programs\MiKTeX 2.9\tex\latex\fancyhdr\fancyhdr.s
ty"
Package: fancyhdr 2017/06/30 v3.9a Extensive control of page headers and footer
s
\f@nch@headwidth=\skip43
\f@nch@O@elh=\skip44
\f@nch@O@erh=\skip45
\f@nch@O@olh=\skip46
\f@nch@O@orh=\skip47
\f@nch@O@elf=\skip48
\f@nch@O@erf=\skip49
\f@nch@O@olf=\skip50
\f@nch@O@orf=\skip51
)
("C:\Users\Ysis\AppData\Local\Programs\MiKTeX 2.9\tex\latex\graphics\graphicx.s
ty"
Package: graphicx 2017/06/01 v1.1a Enhanced LaTeX Graphics (DPC,SPQR)

("C:\Users\Ysis\AppData\Local\Programs\MiKTeX 2.9\tex\latex\graphics\keyval.sty
"
Package: keyval 2014/10/28 v1.15 key=value parser (DPC)
\KV@toks@=\toks14
)
("C:\Users\Ysis\AppData\Local\Programs\MiKTeX 2.9\tex\latex\graphics\graphics.s
ty"
Package: graphics 2017/06/25 v1.2c Standard LaTeX Graphics (DPC,SPQR)

("C:\Users\Ysis\AppData\Local\Programs\MiKTeX 2.9\tex\latex\graphics\trig.sty"
Package: trig 2016/01/03 v1.10 sin cos tan (DPC)
)
("C:\Users\Ysis\AppData\Local\Programs\MiKTeX 2.9\tex\latex\graphics-cfg\graphi
cs.cfg"
File: graphics.cfg 2016/06/04 v1.11 sample graphics configuration
)
Package graphics Info: Driver file: pdftex.def on input line 99.

("C:\Users\Ysis\AppData\Local\Programs\MiKTeX 2.9\tex\latex\graphics-def\pdftex
.def"
File: pdftex.def 2018/01/08 v1.0l Graphics/color driver for pdftex
))
\Gin@req@height=\dimen103
\Gin@req@width=\dimen104
)
("C:\Users\Ysis\AppData\Local\Programs\MiKTeX 2.9\tex\latex\amsmath\amsmath.sty
"
Package: amsmath 2017/09/02 v2.17a AMS math features
\@mathmargin=\skip52

For additional information on amsmath, use the `?' option.
("C:\Users\Ysis\AppData\Local\Programs\MiKTeX 2.9\tex\latex\amsmath\amstext.sty
"
Package: amstext 2000/06/29 v2.01 AMS text
 ("C:\Users\Ysis\AppData\Local\Programs\MiKTeX 2.9\tex\latex\amsmath\amsgen.sty
"
File: amsgen.sty 1999/11/30 v2.0 generic functions
\@emptytoks=\toks15
\ex@=\dimen105
))
("C:\Users\Ysis\AppData\Local\Programs\MiKTeX 2.9\tex\latex\amsmath\amsbsy.sty"
Package: amsbsy 1999/11/29 v1.2d Bold Symbols
\pmbraise@=\dimen106
) ("C:\Users\Ysis\AppData\Local\Programs\MiKTeX 2.9\tex\latex\amsmath\amsopn.st
y"
Package: amsopn 2016/03/08 v2.02 operator names
)
\inf@bad=\count89
LaTeX Info: Redefining \frac on input line 213.
\uproot@=\count90
\leftroot@=\count91
LaTeX Info: Redefining \overline on input line 375.
\classnum@=\count92
\DOTSCASE@=\count93
LaTeX Info: Redefining \ldots on input line 472.
LaTeX Info: Redefining \dots on input line 475.
LaTeX Info: Redefining \cdots on input line 596.
\Mathstrutbox@=\box26
\strutbox@=\box27
\big@size=\dimen107
LaTeX Font Info:    Redeclaring font encoding OML on input line 712.
LaTeX Font Info:    Redeclaring font encoding OMS on input line 713.
\macc@depth=\count94
\c@MaxMatrixCols=\count95
\dotsspace@=\muskip10
\c@parentequation=\count96
\dspbrk@lvl=\count97
\tag@help=\toks16
\row@=\count98
\column@=\count99
\maxfields@=\count100
\andhelp@=\toks17
\eqnshift@=\dimen108
\alignsep@=\dimen109
\tagshift@=\dimen110
\tagwidth@=\dimen111
\totwidth@=\dimen112
\lineht@=\dimen113
\@envbody=\toks18
\multlinegap=\skip53
\multlinetaggap=\skip54
\mathdisplay@stack=\toks19
LaTeX Info: Redefining \[ on input line 2817.
LaTeX Info: Redefining \] on input line 2818.
)
("C:\Users\Ysis\AppData\Local\Programs\MiKTeX 2.9\tex\latex\amsfonts\amsfonts.s
ty"
Package: amsfonts 2013/01/14 v3.01 Basic AMSFonts support
\symAMSa=\mathgroup4
\symAMSb=\mathgroup5
LaTeX Font Info:    Overwriting math alphabet `\mathfrak' in version `bold'
(Font)                  U/euf/m/n --> U/euf/b/n on input line 106.
)
("C:\Users\Ysis\AppData\Local\Programs\MiKTeX 2.9\tex\latex\amscls\amsthm.sty"
Package: amsthm 2017/10/31 v2.20.4
\thm@style=\toks20
\thm@bodyfont=\toks21
\thm@headfont=\toks22
\thm@notefont=\toks23
\thm@headpunct=\toks24
\thm@preskip=\skip55
\thm@postskip=\skip56
\thm@headsep=\skip57
\dth@everypar=\toks25
)
("C:\Users\Ysis\AppData\Local\Programs\MiKTeX 2.9\tex\latex\amsfonts\amssymb.st
y"
Package: amssymb 2013/01/14 v3.01 AMS font symbols
))
("C:\Users\Ysis\AppData\Local\Programs\MiKTeX 2.9\tex\latex\multirow\multirow.s
ty"
Package: multirow 2018/08/03 v2.3 Span multiple rows of a table
\multirow@colwidth=\skip58
\multirow@cntb=\count101
\multirow@dima=\skip59
\bigstrutjot=\dimen114
)
("C:\Users\Ysis\AppData\Local\Programs\MiKTeX 2.9\tex\latex\colortbl\colortbl.s
ty"
Package: colortbl 2018/05/02 v1.0c Color table columns (DPC)
 ("C:\Users\Ysis\AppData\Local\Programs\MiKTeX 2.9\tex\latex\tools\array.sty"
Package: array 2018/04/30 v2.4h Tabular extension package (FMi)
\col@sep=\dimen115
\ar@mcellbox=\box28
\extrarowheight=\dimen116
\NC@list=\toks26
\extratabsurround=\skip60
\backup@length=\skip61
\ar@cellbox=\box29
)
("C:\Users\Ysis\AppData\Local\Programs\MiKTeX 2.9\tex\latex\graphics\color.sty"
Package: color 2016/07/10 v1.1e Standard LaTeX Color (DPC)

("C:\Users\Ysis\AppData\Local\Programs\MiKTeX 2.9\tex\latex\graphics-cfg\color.
cfg"
File: color.cfg 2016/01/02 v1.6 sample color configuration
)
Package color Info: Driver file: pdftex.def on input line 147.
)
\everycr=\toks27
\minrowclearance=\skip62
)
("C:\Users\Ysis\AppData\Local\Programs\MiKTeX 2.9\tex\latex\pgfgantt\pgfgantt.s
ty"
Package: pgfgantt 2018/01/10 v5.0 Draw Gantt diagrams with TikZ

("C:\Users\Ysis\AppData\Local\Programs\MiKTeX 2.9\tex\latex\pgf\frontendlayer\t
ikz.sty"
("C:\Users\Ysis\AppData\Local\Programs\MiKTeX 2.9\tex\latex\pgf\basiclayer\pgf.
sty"
("C:\Users\Ysis\AppData\Local\Programs\MiKTeX 2.9\tex\latex\pgf\utilities\pgfrc
s.sty"
("C:\Users\Ysis\AppData\Local\Programs\MiKTeX 2.9\tex\generic\pgf\utilities\pgf
util-common.tex"
\pgfutil@everybye=\toks28
\pgfutil@tempdima=\dimen117
\pgfutil@tempdimb=\dimen118

("C:\Users\Ysis\AppData\Local\Programs\MiKTeX 2.9\tex\generic\pgf\utilities\pgf
util-common-lists.tex"))
("C:\Users\Ysis\AppData\Local\Programs\MiKTeX 2.9\tex\generic\pgf\utilities\pgf
util-latex.def"
\pgfutil@abb=\box30

("C:\Users\Ysis\AppData\Local\Programs\MiKTeX 2.9\tex\latex\ms\everyshi.sty"
Package: everyshi 2001/05/15 v3.00 EveryShipout Package (MS)
))
("C:\Users\Ysis\AppData\Local\Programs\MiKTeX 2.9\tex\generic\pgf\utilities\pgf
rcs.code.tex"
Package: pgfrcs 2015/08/07 v3.0.1a (rcs-revision 1.31)
))
Package: pgf 2015/08/07 v3.0.1a (rcs-revision 1.15)

("C:\Users\Ysis\AppData\Local\Programs\MiKTeX 2.9\tex\latex\pgf\basiclayer\pgfc
ore.sty"
("C:\Users\Ysis\AppData\Local\Programs\MiKTeX 2.9\tex\latex\pgf\systemlayer\pgf
sys.sty"
("C:\Users\Ysis\AppData\Local\Programs\MiKTeX 2.9\tex\generic\pgf\systemlayer\p
gfsys.code.tex"
Package: pgfsys 2014/07/09 v3.0.1a (rcs-revision 1.48)

("C:\Users\Ysis\AppData\Local\Programs\MiKTeX 2.9\tex\generic\pgf\utilities\pgf
keys.code.tex"
\pgfkeys@pathtoks=\toks29
\pgfkeys@temptoks=\toks30

("C:\Users\Ysis\AppData\Local\Programs\MiKTeX 2.9\tex\generic\pgf\utilities\pgf
keysfiltered.code.tex"
\pgfkeys@tmptoks=\toks31
))
\pgf@x=\dimen119
\pgf@y=\dimen120
\pgf@xa=\dimen121
\pgf@ya=\dimen122
\pgf@xb=\dimen123
\pgf@yb=\dimen124
\pgf@xc=\dimen125
\pgf@yc=\dimen126
\w@pgf@writea=\write3
\r@pgf@reada=\read1
\c@pgf@counta=\count102
\c@pgf@countb=\count103
\c@pgf@countc=\count104
\c@pgf@countd=\count105
\t@pgf@toka=\toks32
\t@pgf@tokb=\toks33
\t@pgf@tokc=\toks34

("C:\Users\Ysis\AppData\Local\Programs\MiKTeX 2.9\tex\generic\pgf\systemlayer\p
gf.cfg"
File: pgf.cfg 2008/05/14  (rcs-revision 1.7)
)
Driver file for pgf: pgfsys-pdftex.def

("C:\Users\Ysis\AppData\Local\Programs\MiKTeX 2.9\tex\generic\pgf\systemlayer\p
gfsys-pdftex.def"
File: pgfsys-pdftex.def 2014/10/11  (rcs-revision 1.35)

("C:\Users\Ysis\AppData\Local\Programs\MiKTeX 2.9\tex\generic\pgf\systemlayer\p
gfsys-common-pdf.def"
File: pgfsys-common-pdf.def 2013/10/10  (rcs-revision 1.13)
)))
("C:\Users\Ysis\AppData\Local\Programs\MiKTeX 2.9\tex\generic\pgf\systemlayer\p
gfsyssoftpath.code.tex"
File: pgfsyssoftpath.code.tex 2013/09/09  (rcs-revision 1.9)
\pgfsyssoftpath@smallbuffer@items=\count106
\pgfsyssoftpath@bigbuffer@items=\count107
)
("C:\Users\Ysis\AppData\Local\Programs\MiKTeX 2.9\tex\generic\pgf\systemlayer\p
gfsysprotocol.code.tex"
File: pgfsysprotocol.code.tex 2006/10/16  (rcs-revision 1.4)
))
("C:\Users\Ysis\AppData\Local\Programs\MiKTeX 2.9\tex\latex\xcolor\xcolor.sty"
Package: xcolor 2016/05/11 v2.12 LaTeX color extensions (UK)

("C:\Users\Ysis\AppData\Local\Programs\MiKTeX 2.9\tex\latex\graphics-cfg\color.
cfg"
File: color.cfg 2016/01/02 v1.6 sample color configuration
)
Package xcolor Info: Driver file: pdftex.def on input line 225.
LaTeX Info: Redefining \color on input line 709.
Package xcolor Info: Model `cmy' substituted by `cmy0' on input line 1348.
Package xcolor Info: Model `hsb' substituted by `rgb' on input line 1352.
Package xcolor Info: Model `RGB' extended on input line 1364.
Package xcolor Info: Model `HTML' substituted by `rgb' on input line 1366.
Package xcolor Info: Model `Hsb' substituted by `hsb' on input line 1367.
Package xcolor Info: Model `tHsb' substituted by `hsb' on input line 1368.
Package xcolor Info: Model `HSB' substituted by `hsb' on input line 1369.
Package xcolor Info: Model `Gray' substituted by `gray' on input line 1370.
Package xcolor Info: Model `wave' substituted by `hsb' on input line 1371.
)
("C:\Users\Ysis\AppData\Local\Programs\MiKTeX 2.9\tex\generic\pgf\basiclayer\pg
fcore.code.tex"
Package: pgfcore 2010/04/11 v3.0.1a (rcs-revision 1.7)

("C:\Users\Ysis\AppData\Local\Programs\MiKTeX 2.9\tex\generic\pgf\math\pgfmath.
code.tex"
("C:\Users\Ysis\AppData\Local\Programs\MiKTeX 2.9\tex\generic\pgf\math\pgfmathc
alc.code.tex"
("C:\Users\Ysis\AppData\Local\Programs\MiKTeX 2.9\tex\generic\pgf\math\pgfmathu
til.code.tex")
("C:\Users\Ysis\AppData\Local\Programs\MiKTeX 2.9\tex\generic\pgf\math\pgfmathp
arser.code.tex"
\pgfmath@dimen=\dimen127
\pgfmath@count=\count108
\pgfmath@box=\box31
\pgfmath@toks=\toks35
\pgfmath@stack@operand=\toks36
\pgfmath@stack@operation=\toks37
)
("C:\Users\Ysis\AppData\Local\Programs\MiKTeX 2.9\tex\generic\pgf\math\pgfmathf
unctions.code.tex"
("C:\Users\Ysis\AppData\Local\Programs\MiKTeX 2.9\tex\generic\pgf\math\pgfmathf
unctions.basic.code.tex")
("C:\Users\Ysis\AppData\Local\Programs\MiKTeX 2.9\tex\generic\pgf\math\pgfmathf
unctions.trigonometric.code.tex")
("C:\Users\Ysis\AppData\Local\Programs\MiKTeX 2.9\tex\generic\pgf\math\pgfmathf
unctions.random.code.tex")
("C:\Users\Ysis\AppData\Local\Programs\MiKTeX 2.9\tex\generic\pgf\math\pgfmathf
unctions.comparison.code.tex")
("C:\Users\Ysis\AppData\Local\Programs\MiKTeX 2.9\tex\generic\pgf\math\pgfmathf
unctions.base.code.tex")
("C:\Users\Ysis\AppData\Local\Programs\MiKTeX 2.9\tex\generic\pgf\math\pgfmathf
unctions.round.code.tex")
("C:\Users\Ysis\AppData\Local\Programs\MiKTeX 2.9\tex\generic\pgf\math\pgfmathf
unctions.misc.code.tex")
("C:\Users\Ysis\AppData\Local\Programs\MiKTeX 2.9\tex\generic\pgf\math\pgfmathf
unctions.integerarithmetics.code.tex")))
("C:\Users\Ysis\AppData\Local\Programs\MiKTeX 2.9\tex\generic\pgf\math\pgfmathf
loat.code.tex"
\c@pgfmathroundto@lastzeros=\count109
))
("C:\Users\Ysis\AppData\Local\Programs\MiKTeX 2.9\tex\generic\pgf\basiclayer\pg
fcorepoints.code.tex"
File: pgfcorepoints.code.tex 2013/10/07  (rcs-revision 1.27)
\pgf@picminx=\dimen128
\pgf@picmaxx=\dimen129
\pgf@picminy=\dimen130
\pgf@picmaxy=\dimen131
\pgf@pathminx=\dimen132
\pgf@pathmaxx=\dimen133
\pgf@pathminy=\dimen134
\pgf@pathmaxy=\dimen135
\pgf@xx=\dimen136
\pgf@xy=\dimen137
\pgf@yx=\dimen138
\pgf@yy=\dimen139
\pgf@zx=\dimen140
\pgf@zy=\dimen141
)
("C:\Users\Ysis\AppData\Local\Programs\MiKTeX 2.9\tex\generic\pgf\basiclayer\pg
fcorepathconstruct.code.tex"
File: pgfcorepathconstruct.code.tex 2013/10/07  (rcs-revision 1.29)
\pgf@path@lastx=\dimen142
\pgf@path@lasty=\dimen143
)
("C:\Users\Ysis\AppData\Local\Programs\MiKTeX 2.9\tex\generic\pgf\basiclayer\pg
fcorepathusage.code.tex"
File: pgfcorepathusage.code.tex 2014/11/02  (rcs-revision 1.24)
\pgf@shorten@end@additional=\dimen144
\pgf@shorten@start@additional=\dimen145
)
("C:\Users\Ysis\AppData\Local\Programs\MiKTeX 2.9\tex\generic\pgf\basiclayer\pg
fcorescopes.code.tex"
File: pgfcorescopes.code.tex 2015/05/08  (rcs-revision 1.46)
\pgfpic=\box32
\pgf@hbox=\box33
\pgf@layerbox@main=\box34
\pgf@picture@serial@count=\count110
)
("C:\Users\Ysis\AppData\Local\Programs\MiKTeX 2.9\tex\generic\pgf\basiclayer\pg
fcoregraphicstate.code.tex"
File: pgfcoregraphicstate.code.tex 2014/11/02  (rcs-revision 1.12)
\pgflinewidth=\dimen146
)
("C:\Users\Ysis\AppData\Local\Programs\MiKTeX 2.9\tex\generic\pgf\basiclayer\pg
fcoretransformations.code.tex"
File: pgfcoretransformations.code.tex 2015/08/07  (rcs-revision 1.20)
\pgf@pt@x=\dimen147
\pgf@pt@y=\dimen148
\pgf@pt@temp=\dimen149
)
("C:\Users\Ysis\AppData\Local\Programs\MiKTeX 2.9\tex\generic\pgf\basiclayer\pg
fcorequick.code.tex"
File: pgfcorequick.code.tex 2008/10/09  (rcs-revision 1.3)
)
("C:\Users\Ysis\AppData\Local\Programs\MiKTeX 2.9\tex\generic\pgf\basiclayer\pg
fcoreobjects.code.tex"
File: pgfcoreobjects.code.tex 2006/10/11  (rcs-revision 1.2)
)
("C:\Users\Ysis\AppData\Local\Programs\MiKTeX 2.9\tex\generic\pgf\basiclayer\pg
fcorepathprocessing.code.tex"
File: pgfcorepathprocessing.code.tex 2013/09/09  (rcs-revision 1.9)
)
("C:\Users\Ysis\AppData\Local\Programs\MiKTeX 2.9\tex\generic\pgf\basiclayer\pg
fcorearrows.code.tex"
File: pgfcorearrows.code.tex 2015/05/14  (rcs-revision 1.43)
\pgfarrowsep=\dimen150
)
("C:\Users\Ysis\AppData\Local\Programs\MiKTeX 2.9\tex\generic\pgf\basiclayer\pg
fcoreshade.code.tex"
File: pgfcoreshade.code.tex 2013/07/15  (rcs-revision 1.15)
\pgf@max=\dimen151
\pgf@sys@shading@range@num=\count111
)
("C:\Users\Ysis\AppData\Local\Programs\MiKTeX 2.9\tex\generic\pgf\basiclayer\pg
fcoreimage.code.tex"
File: pgfcoreimage.code.tex 2013/07/15  (rcs-revision 1.18)

("C:\Users\Ysis\AppData\Local\Programs\MiKTeX 2.9\tex\generic\pgf\basiclayer\pg
fcoreexternal.code.tex"
File: pgfcoreexternal.code.tex 2014/07/09  (rcs-revision 1.21)
\pgfexternal@startupbox=\box35
))
("C:\Users\Ysis\AppData\Local\Programs\MiKTeX 2.9\tex\generic\pgf\basiclayer\pg
fcorelayers.code.tex"
File: pgfcorelayers.code.tex 2013/07/18  (rcs-revision 1.7)
)
("C:\Users\Ysis\AppData\Local\Programs\MiKTeX 2.9\tex\generic\pgf\basiclayer\pg
fcoretransparency.code.tex"
File: pgfcoretransparency.code.tex 2013/09/30  (rcs-revision 1.5)
)
("C:\Users\Ysis\AppData\Local\Programs\MiKTeX 2.9\tex\generic\pgf\basiclayer\pg
fcorepatterns.code.tex"
File: pgfcorepatterns.code.tex 2013/11/07  (rcs-revision 1.5)
)))
("C:\Users\Ysis\AppData\Local\Programs\MiKTeX 2.9\tex\generic\pgf\modules\pgfmo
duleshapes.code.tex"
File: pgfmoduleshapes.code.tex 2014/03/21  (rcs-revision 1.35)
\pgfnodeparttextbox=\box36
)
("C:\Users\Ysis\AppData\Local\Programs\MiKTeX 2.9\tex\generic\pgf\modules\pgfmo
duleplot.code.tex"
File: pgfmoduleplot.code.tex 2015/08/03  (rcs-revision 1.13)
)
("C:\Users\Ysis\AppData\Local\Programs\MiKTeX 2.9\tex\latex\pgf\compatibility\p
gfcomp-version-0-65.sty"
Package: pgfcomp-version-0-65 2007/07/03 v3.0.1a (rcs-revision 1.7)
\pgf@nodesepstart=\dimen152
\pgf@nodesepend=\dimen153
)
("C:\Users\Ysis\AppData\Local\Programs\MiKTeX 2.9\tex\latex\pgf\compatibility\p
gfcomp-version-1-18.sty"
Package: pgfcomp-version-1-18 2007/07/23 v3.0.1a (rcs-revision 1.1)
))
("C:\Users\Ysis\AppData\Local\Programs\MiKTeX 2.9\tex\latex\pgf\utilities\pgffo
r.sty"
("C:\Users\Ysis\AppData\Local\Programs\MiKTeX 2.9\tex\latex\pgf\utilities\pgfke
ys.sty"
("C:\Users\Ysis\AppData\Local\Programs\MiKTeX 2.9\tex\generic\pgf\utilities\pgf
keys.code.tex"))
("C:\Users\Ysis\AppData\Local\Programs\MiKTeX 2.9\tex\latex\pgf\math\pgfmath.st
y"
("C:\Users\Ysis\AppData\Local\Programs\MiKTeX 2.9\tex\generic\pgf\math\pgfmath.
code.tex"))
("C:\Users\Ysis\AppData\Local\Programs\MiKTeX 2.9\tex\generic\pgf\utilities\pgf
for.code.tex"
Package: pgffor 2013/12/13 v3.0.1a (rcs-revision 1.25)

("C:\Users\Ysis\AppData\Local\Programs\MiKTeX 2.9\tex\generic\pgf\math\pgfmath.
code.tex")
\pgffor@iter=\dimen154
\pgffor@skip=\dimen155
\pgffor@stack=\toks38
\pgffor@toks=\toks39
))
("C:\Users\Ysis\AppData\Local\Programs\MiKTeX 2.9\tex\generic\pgf\frontendlayer
\tikz\tikz.code.tex"
Package: tikz 2015/08/07 v3.0.1a (rcs-revision 1.151)

("C:\Users\Ysis\AppData\Local\Programs\MiKTeX 2.9\tex\generic\pgf\libraries\pgf
libraryplothandlers.code.tex"
File: pgflibraryplothandlers.code.tex 2013/08/31 v3.0.1a (rcs-revision 1.20)
\pgf@plot@mark@count=\count112
\pgfplotmarksize=\dimen156
)
\tikz@lastx=\dimen157
\tikz@lasty=\dimen158
\tikz@lastxsaved=\dimen159
\tikz@lastysaved=\dimen160
\tikzleveldistance=\dimen161
\tikzsiblingdistance=\dimen162
\tikz@figbox=\box37
\tikz@figbox@bg=\box38
\tikz@tempbox=\box39
\tikz@tempbox@bg=\box40
\tikztreelevel=\count113
\tikznumberofchildren=\count114
\tikznumberofcurrentchild=\count115
\tikz@fig@count=\count116

("C:\Users\Ysis\AppData\Local\Programs\MiKTeX 2.9\tex\generic\pgf\modules\pgfmo
dulematrix.code.tex"
File: pgfmodulematrix.code.tex 2013/09/17  (rcs-revision 1.8)
\pgfmatrixcurrentrow=\count117
\pgfmatrixcurrentcolumn=\count118
\pgf@matrix@numberofcolumns=\count119
)
\tikz@expandcount=\count120

("C:\Users\Ysis\AppData\Local\Programs\MiKTeX 2.9\tex\generic\pgf\frontendlayer
\tikz\libraries\tikzlibrarytopaths.code.tex"
File: tikzlibrarytopaths.code.tex 2008/06/17 v3.0.1a (rcs-revision 1.2)
)))
("C:\Users\Ysis\AppData\Local\Programs\MiKTeX 2.9\tex\generic\pgf\frontendlayer
\tikz\libraries\tikzlibraryarrows.code.tex"
File: tikzlibraryarrows.code.tex 2008/01/09 v3.0.1a (rcs-revision 1.1)

("C:\Users\Ysis\AppData\Local\Programs\MiKTeX 2.9\tex\generic\pgf\libraries\pgf
libraryarrows.code.tex"
File: pgflibraryarrows.code.tex 2013/09/23 v3.0.1a (rcs-revision 1.16)
\arrowsize=\dimen163
))
("C:\Users\Ysis\AppData\Local\Programs\MiKTeX 2.9\tex\generic\pgf\frontendlayer
\tikz\libraries\tikzlibrarybackgrounds.code.tex"
File: tikzlibrarybackgrounds.code.tex 2013/07/18 v3.0.1a (rcs-revision 1.3)
\pgf@layerbox@background=\box41
\pgf@layerboxsaved@background=\box42
)
("C:\Users\Ysis\AppData\Local\Programs\MiKTeX 2.9\tex\generic\pgf\frontendlayer
\tikz\libraries\tikzlibrarycalc.code.tex"
File: tikzlibrarycalc.code.tex 2013/07/15 v3.0.1a (rcs-revision 1.9)
)
("C:\Users\Ysis\AppData\Local\Programs\MiKTeX 2.9\tex\generic\pgf\frontendlayer
\tikz\libraries\tikzlibrarypatterns.code.tex"
File: tikzlibrarypatterns.code.tex 2008/01/15 v3.0.1a (rcs-revision 1.2)

("C:\Users\Ysis\AppData\Local\Programs\MiKTeX 2.9\tex\generic\pgf\libraries\pgf
librarypatterns.code.tex"
File: pgflibrarypatterns.code.tex 2008/03/03 v3.0.1a (rcs-revision 1.13)
))
("C:\Users\Ysis\AppData\Local\Programs\MiKTeX 2.9\tex\generic\pgf\frontendlayer
\tikz\libraries\tikzlibrarypositioning.code.tex"
File: tikzlibrarypositioning.code.tex 2008/10/06 v3.0.1a (rcs-revision 1.7)
)
("C:\Users\Ysis\AppData\Local\Programs\MiKTeX 2.9\tex\generic\pgf\frontendlayer
\tikz\libraries\tikzlibraryshapes.geometric.code.tex"
File: tikzlibraryshapes.geometric.code.tex 2008/01/09 v3.0.1a (rcs-revision 1.1
)

("C:\Users\Ysis\AppData\Local\Programs\MiKTeX 2.9\tex\generic\pgf\libraries\sha
pes\pgflibraryshapes.geometric.code.tex"
File: pgflibraryshapes.geometric.code.tex 2008/06/26 v3.0.1a (rcs-revision 1.1)

))
("C:\Users\Ysis\AppData\Local\Programs\MiKTeX 2.9\tex\latex\pgf\utilities\pgfca
lendar.sty"
("C:\Users\Ysis\AppData\Local\Programs\MiKTeX 2.9\tex\generic\pgf\utilities\pgf
calendar.code.tex"
File: pgfcalendar.code.tex 2007/07/23 v3.0.1a (rcs-revision 1.11)
\pgfcalendarcurrentjulian=\count121
))
\gtt@currentline=\count122
\gtt@lasttitleline=\count123
\gtt@currgrid=\count124
\gtt@chartwidth=\count125
\gtt@lasttitleslot=\count126
\gtt@elementid=\count127
\gtt@today@slot=\count128
\gtt@startjulian=\count129
\gtt@endjulian=\count130
\gtt@chartid=\count131
\gtt@vrule@slot=\count132
\gtt@calendar@slots=\count133
\gtt@calendar@weeknumber=\count134
\gtt@calendar@startofweek=\count135
\gtt@left@slot=\count136
\gtt@right@slot=\count137
)
("C:\Users\Ysis\AppData\Local\Programs\MiKTeX 2.9\tex\latex\base\inputenc.sty"
Package: inputenc 2018/04/06 v1.3b Input encoding file
\inpenc@prehook=\toks40
\inpenc@posthook=\toks41

("C:\Users\Ysis\AppData\Local\Programs\MiKTeX 2.9\tex\latex\base\latin1.def"
File: latin1.def 2018/04/06 v1.3b Input encoding file
))
("C:\Users\Ysis\AppData\Local\Programs\MiKTeX 2.9\tex\latex\hyperref\hyperref.s
ty"
Package: hyperref 2018/02/06 v6.86b Hypertext links for LaTeX

("C:\Users\Ysis\AppData\Local\Programs\MiKTeX 2.9\tex\generic\oberdiek\hobsub-h
yperref.sty"
Package: hobsub-hyperref 2016/05/16 v1.14 Bundle oberdiek, subset hyperref (HO)


("C:\Users\Ysis\AppData\Local\Programs\MiKTeX 2.9\tex\generic\oberdiek\hobsub-g
eneric.sty"
Package: hobsub-generic 2016/05/16 v1.14 Bundle oberdiek, subset generic (HO)
Package: hobsub 2016/05/16 v1.14 Construct package bundles (HO)
Package: infwarerr 2016/05/16 v1.4 Providing info/warning/error messages (HO)
Package: ltxcmds 2016/05/16 v1.23 LaTeX kernel commands for general use (HO)
Package: ifluatex 2016/05/16 v1.4 Provides the ifluatex switch (HO)
Package ifluatex Info: LuaTeX not detected.
Package: ifvtex 2016/05/16 v1.6 Detect VTeX and its facilities (HO)
Package ifvtex Info: VTeX not detected.
Package: intcalc 2016/05/16 v1.2 Expandable calculations with integers (HO)
Package: ifpdf 2017/03/15 v3.2 Provides the ifpdf switch
Package: etexcmds 2016/05/16 v1.6 Avoid name clashes with e-TeX commands (HO)
Package etexcmds Info: Could not find \expanded.
(etexcmds)             That can mean that you are not using pdfTeX 1.50 or
(etexcmds)             that some package has redefined \expanded.
(etexcmds)             In the latter case, load this package earlier.
Package: kvsetkeys 2016/05/16 v1.17 Key value parser (HO)
Package: kvdefinekeys 2016/05/16 v1.4 Define keys (HO)
Package: pdftexcmds 2018/01/30 v0.27 Utility functions of pdfTeX for LuaTeX (HO
)
Package pdftexcmds Info: LuaTeX not detected.
Package pdftexcmds Info: \pdf@primitive is available.
Package pdftexcmds Info: \pdf@ifprimitive is available.
Package pdftexcmds Info: \pdfdraftmode found.
Package: pdfescape 2016/05/16 v1.14 Implements pdfTeX's escape features (HO)
Package: bigintcalc 2016/05/16 v1.4 Expandable calculations on big integers (HO
)
Package: bitset 2016/05/16 v1.2 Handle bit-vector datatype (HO)
Package: uniquecounter 2016/05/16 v1.3 Provide unlimited unique counter (HO)
)
Package hobsub Info: Skipping package `hobsub' (already loaded).
Package: letltxmacro 2016/05/16 v1.5 Let assignment for LaTeX macros (HO)
Package: hopatch 2016/05/16 v1.3 Wrapper for package hooks (HO)
Package: xcolor-patch 2016/05/16 xcolor patch
Package: atveryend 2016/05/16 v1.9 Hooks at the very end of document (HO)
Package atveryend Info: \enddocument detected (standard20110627).
Package: atbegshi 2016/06/09 v1.18 At begin shipout hook (HO)
Package: refcount 2016/05/16 v3.5 Data extraction from label references (HO)
Package: hycolor 2016/05/16 v1.8 Color options for hyperref/bookmark (HO)
)
("C:\Users\Ysis\AppData\Local\Programs\MiKTeX 2.9\tex\generic\ifxetex\ifxetex.s
ty"
Package: ifxetex 2010/09/12 v0.6 Provides ifxetex conditional
)
("C:\Users\Ysis\AppData\Local\Programs\MiKTeX 2.9\tex\latex\oberdiek\auxhook.st
y"
Package: auxhook 2016/05/16 v1.4 Hooks for auxiliary files (HO)
)
("C:\Users\Ysis\AppData\Local\Programs\MiKTeX 2.9\tex\latex\oberdiek\kvoptions.
sty"
Package: kvoptions 2016/05/16 v3.12 Key value format for package options (HO)
)
\@linkdim=\dimen164
\Hy@linkcounter=\count138
\Hy@pagecounter=\count139

("C:\Users\Ysis\AppData\Local\Programs\MiKTeX 2.9\tex\latex\hyperref\pd1enc.def
"
File: pd1enc.def 2018/02/06 v6.86b Hyperref: PDFDocEncoding definition (HO)
Now handling font encoding PD1 ...
... no UTF-8 mapping file for font encoding PD1
)
\Hy@SavedSpaceFactor=\count140

("C:\Users\Ysis\AppData\Local\Programs\MiKTeX 2.9\tex\latex\00miktex\hyperref.c
fg"
File: hyperref.cfg 2002/06/06 v1.2 hyperref configuration of TeXLive
)
Package hyperref Info: Option `colorlinks' set `true' on input line 4383.
Package hyperref Info: Hyper figures OFF on input line 4509.
Package hyperref Info: Link nesting OFF on input line 4514.
Package hyperref Info: Hyper index ON on input line 4517.
Package hyperref Info: Plain pages OFF on input line 4524.
Package hyperref Info: Backreferencing OFF on input line 4529.
Package hyperref Info: Implicit mode ON; LaTeX internals redefined.
Package hyperref Info: Bookmarks ON on input line 4762.
\c@Hy@tempcnt=\count141
 ("C:\Users\Ysis\AppData\Local\Programs\MiKTeX 2.9\tex\latex\url\url.sty"
\Urlmuskip=\muskip11
Package: url 2013/09/16  ver 3.4  Verb mode for urls, etc.
)
LaTeX Info: Redefining \url on input line 5115.
\XeTeXLinkMargin=\dimen165
\Fld@menulength=\count142
\Field@Width=\dimen166
\Fld@charsize=\dimen167
Package hyperref Info: Hyper figures OFF on input line 6369.
Package hyperref Info: Link nesting OFF on input line 6374.
Package hyperref Info: Hyper index ON on input line 6377.
Package hyperref Info: backreferencing OFF on input line 6384.
Package hyperref Info: Link coloring ON on input line 6387.
Package hyperref Info: Link coloring with OCG OFF on input line 6394.
Package hyperref Info: PDF/A mode OFF on input line 6399.
LaTeX Info: Redefining \ref on input line 6439.
LaTeX Info: Redefining \pageref on input line 6443.
\Hy@abspage=\count143
\c@Item=\count144
\c@Hfootnote=\count145
)
Package hyperref Info: Driver (autodetected): hpdftex.

("C:\Users\Ysis\AppData\Local\Programs\MiKTeX 2.9\tex\latex\hyperref\hpdftex.de
f"
File: hpdftex.def 2018/02/06 v6.86b Hyperref driver for pdfTeX
\Fld@listcount=\count146
\c@bookmark@seq@number=\count147

("C:\Users\Ysis\AppData\Local\Programs\MiKTeX 2.9\tex\latex\oberdiek\rerunfilec
heck.sty"
Package: rerunfilecheck 2016/05/16 v1.8 Rerun checks for auxiliary files (HO)
Package uniquecounter Info: New unique counter `rerunfilecheck' on input line 2
82.
)
\Hy@SectionHShift=\skip63
)
("C:\Users\Ysis\AppData\Local\Programs\MiKTeX 2.9\tex\latex\tools\indentfirst.s
ty"
Package: indentfirst 1995/11/23 v1.03 Indent first paragraph (DPC)
) ("C:\Users\Ysis\AppData\Local\Programs\MiKTeX 2.9\tex\latex\float\float.sty"
Package: float 2001/11/08 v1.3d Float enhancements (AL)
\c@float@type=\count148
\float@exts=\toks42
\float@box=\box43
\@float@everytoks=\toks43
\@floatcapt=\box44
) ("C:\Users\Ysis\AppData\Local\Programs\MiKTeX 2.9\tex\latex\breqn\breqn.sty" 
("C:\Users\Ysis\AppData\Local\Programs\MiKTeX 2.9\tex\latex\l3kernel\expl3.sty"
Package: expl3 2018-09-24 L3 programming layer (loader) 

("C:\Users\Ysis\AppData\Local\Programs\MiKTeX 2.9\tex\latex\l3kernel\expl3-code
.tex"
Package: expl3 2018-09-24 L3 programming layer (code)
\c_max_int=\count149
\l_tmpa_int=\count150
\l_tmpb_int=\count151
\g_tmpa_int=\count152
\g_tmpb_int=\count153
\g__kernel_prg_map_int=\count154
\c_log_iow=\count155
\l_iow_line_count_int=\count156
\l__iow_line_target_int=\count157
\l__iow_one_indent_int=\count158
\l__iow_indent_int=\count159
\c_zero_dim=\dimen168
\c_max_dim=\dimen169
\l_tmpa_dim=\dimen170
\l_tmpb_dim=\dimen171
\g_tmpa_dim=\dimen172
\g_tmpb_dim=\dimen173
\c_zero_skip=\skip64
\c_max_skip=\skip65
\l_tmpa_skip=\skip66
\l_tmpb_skip=\skip67
\g_tmpa_skip=\skip68
\g_tmpb_skip=\skip69
\c_zero_muskip=\muskip12
\c_max_muskip=\muskip13
\l_tmpa_muskip=\muskip14
\l_tmpb_muskip=\muskip15
\g_tmpa_muskip=\muskip16
\g_tmpb_muskip=\muskip17
\l_keys_choice_int=\count160
\l__intarray_loop_int=\count161
\c__intarray_sp_dim=\dimen174
\g__intarray_font_int=\count162
\c__fp_leading_shift_int=\count163
\c__fp_middle_shift_int=\count164
\c__fp_trailing_shift_int=\count165
\c__fp_big_leading_shift_int=\count166
\c__fp_big_middle_shift_int=\count167
\c__fp_big_trailing_shift_int=\count168
\c__fp_Bigg_leading_shift_int=\count169
\c__fp_Bigg_middle_shift_int=\count170
\c__fp_Bigg_trailing_shift_int=\count171
\c__kernel_randint_max_int=\count172
\g__fp_array_int=\count173
\l__fp_array_loop_int=\count174
\l__sort_length_int=\count175
\l__sort_min_int=\count176
\l__sort_top_int=\count177
\l__sort_max_int=\count178
\l__sort_true_max_int=\count179
\l__sort_block_int=\count180
\l__sort_begin_int=\count181
\l__sort_end_int=\count182
\l__sort_A_int=\count183
\l__sort_B_int=\count184
\l__sort_C_int=\count185
\l__tl_analysis_normal_int=\count186
\l__tl_analysis_index_int=\count187
\l__tl_analysis_nesting_int=\count188
\l__tl_analysis_type_int=\count189
\l__regex_internal_a_int=\count190
\l__regex_internal_b_int=\count191
\l__regex_internal_c_int=\count192
\l__regex_balance_int=\count193
\l__regex_group_level_int=\count194
\l__regex_mode_int=\count195
\c__regex_cs_in_class_mode_int=\count196
\c__regex_cs_mode_int=\count197
\l__regex_catcodes_int=\count198
\l__regex_default_catcodes_int=\count199
\c__regex_catcode_D_int=\count266
\c__regex_catcode_S_int=\count267
\c__regex_catcode_L_int=\count268
\c__regex_catcode_O_int=\count269
\c__regex_catcode_A_int=\count270
\c__regex_all_catcodes_int=\count271
\l__regex_show_lines_int=\count272
\l__regex_min_state_int=\count273
\l__regex_max_state_int=\count274
\l__regex_left_state_int=\count275
\l__regex_right_state_int=\count276
\l__regex_capturing_group_int=\count277
\l__regex_min_pos_int=\count278
\l__regex_max_pos_int=\count279
\l__regex_curr_pos_int=\count280
\l__regex_start_pos_int=\count281
\l__regex_success_pos_int=\count282
\l__regex_curr_char_int=\count283
\l__regex_curr_catcode_int=\count284
\l__regex_last_char_int=\count285
\l__regex_case_changed_char_int=\count286
\l__regex_curr_state_int=\count287
\l__regex_step_int=\count288
\l__regex_min_active_int=\count289
\l__regex_max_active_int=\count290
\l__regex_replacement_csnames_int=\count291
\l__regex_match_count_int=\count292
\l__regex_min_submatch_int=\count293
\l__regex_submatch_int=\count294
\l__regex_zeroth_submatch_int=\count295
\g__regex_trace_regex_int=\count296
\c_empty_box=\box45
\l_tmpa_box=\box46
\l_tmpb_box=\box47
\g_tmpa_box=\box48
\g_tmpb_box=\box49
\l__box_top_dim=\dimen175
\l__box_bottom_dim=\dimen176
\l__box_left_dim=\dimen177
\l__box_right_dim=\dimen178
\l__box_top_new_dim=\dimen179
\l__box_bottom_new_dim=\dimen180
\l__box_left_new_dim=\dimen181
\l__box_right_new_dim=\dimen182
\l__box_internal_box=\box50
\l__coffin_internal_box=\box51
\l__coffin_internal_dim=\dimen183
\l__coffin_offset_x_dim=\dimen184
\l__coffin_offset_y_dim=\dimen185
\l__coffin_x_dim=\dimen186
\l__coffin_y_dim=\dimen187
\l__coffin_x_prime_dim=\dimen188
\l__coffin_y_prime_dim=\dimen189
\c_empty_coffin=\box52
\l__coffin_aligned_coffin=\box53
\l__coffin_aligned_internal_coffin=\box54
\l_tmpa_coffin=\box55
\l_tmpb_coffin=\box56
\l__coffin_display_coffin=\box57
\l__coffin_display_coord_coffin=\box58
\l__coffin_display_pole_coffin=\box59
\l__coffin_display_offset_dim=\dimen190
\l__coffin_display_x_dim=\dimen191
\l__coffin_display_y_dim=\dimen192
\g__file_internal_ior=\read2
\l__coffin_bounding_shift_dim=\dimen193
\l__coffin_left_corner_dim=\dimen194
\l__coffin_right_corner_dim=\dimen195
\l__coffin_bottom_corner_dim=\dimen196
\l__coffin_top_corner_dim=\dimen197
\l__coffin_scaled_total_height_dim=\dimen198
\l__coffin_scaled_width_dim=\dimen199
\l__seq_internal_a_int=\count297
\l__seq_internal_b_int=\count298
)
("C:\Users\Ysis\AppData\Local\Programs\MiKTeX 2.9\tex\latex\l3kernel\l3pdfmode.
def"
File: l3pdfmode.def 2018-09-24 v L3 Experimental driver: PDF mode
\l__driver_color_stack_int=\count299
))
Package: breqn 2018/09/14 v0.98f Breaking equations

("C:\Users\Ysis\AppData\Local\Programs\MiKTeX 2.9\tex\latex\breqn\flexisym.sty"
Package: flexisym 2017/01/27 v0.98e Make math characters macros
LaTeX Info: Redefining \textprime on input line 300.
LaTeX Info: Redefining \not on input line 358.
("C:\Users\Ysis\AppData\Local\Programs\MiKTeX 2.9\tex\latex\breqn\cmbase.sym"
File: cmbase.sym 2007/12/19 v0.92
LaTeX Info: Redefining \hbar on input line 325.
LaTeX Info: Redefining \surd on input line 327.
LaTeX Info: Redefining \angle on input line 335.
LaTeX Info: Redefining \neq on input line 336.
LaTeX Info: Redefining \mapsto on input line 337.
LaTeX Info: Redefining \cong on input line 338.
LaTeX Info: Redefining \notin on input line 341.
LaTeX Info: Redefining \rightleftharpoons on input line 342.
LaTeX Info: Redefining \doteq on input line 343.
LaTeX Info: Redefining \hookrightarrow on input line 344.
LaTeX Info: Redefining \hookleftarrow on input line 345.
LaTeX Info: Redefining \bowtie on input line 346.
LaTeX Info: Redefining \models on input line 347.
LaTeX Info: Redefining \Longrightarrow on input line 348.
LaTeX Info: Redefining \longrightarrow on input line 349.
LaTeX Info: Redefining \Longleftarrow on input line 350.
LaTeX Info: Redefining \longleftarrow on input line 351.
LaTeX Info: Redefining \longmapsto on input line 352.
LaTeX Info: Redefining \longleftrightarrow on input line 353.
LaTeX Info: Redefining \Longleftrightarrow on input line 354.
LaTeX Info: Redefining \cdots on input line 358.
LaTeX Info: Redefining \vdots on input line 361.
LaTeX Info: Redefining \ddots on input line 366.
)
("C:\Users\Ysis\AppData\Local\Programs\MiKTeX 2.9\tex\latex\breqn\mathstyle.sty
"
Package: mathstyle 2017/01/27 0.98e Tracking mathstyle implicitly
LaTeX Info: Redefining \displaystyle on input line 93.
LaTeX Info: Redefining \textstyle on input line 95.
LaTeX Info: Redefining \scriptstyle on input line 97.
LaTeX Info: Redefining \scriptscriptstyle on input line 99.
LaTeX Info: Redefining \genfrac on input line 145.
)) ("C:\Users\Ysis\AppData\Local\Programs\MiKTeX 2.9\tex\latex\tools\calc.sty"
Package: calc 2017/05/25 v4.3 Infix arithmetic (KKT,FJ)
\calc@Acount=\count300
\calc@Bcount=\count301
\calc@Adimen=\dimen256
\calc@Bdimen=\dimen257
\calc@Askip=\skip70
\calc@Bskip=\skip71
LaTeX Info: Redefining \setlength on input line 80.
LaTeX Info: Redefining \addtolength on input line 81.
\calc@Ccount=\count302
\calc@Cskip=\skip72
)
\inf@bad=\count303
\maxint=\count304
\listwidth=\dimen258
\eqnumsep=\dimen259
\eqmargin=\dimen260
\eqlinespacing=\skip73
\eqlineskip=\skip74
\eqlineskiplimit=\dimen261
\eqbinoffset=\muskip18
\eqdelimoffset=\muskip19
\eqindentstep=\dimen262
\eqstyle=\toks44
\eqbreakdepth=\count305
\eqinterlinepenalty=\count306
\intereqpenalty=\count307
\intereqskip=\skip75
\prerelpenalty=\count308
\prebinoppenalty=\count309
\Dmedmuskip=\muskip20
\Dthickmuskip=\muskip21
\eqleftskip=\skip76
\eqrightskip=\skip77
\eq@vspan=\skip78
\eq@binoffset=\muskip22
\EQ@box=\box60
\EQ@copy=\box61
\EQ@numbox=\box62
\eq@wdNum=\dimen263
\GRP@numbox=\box63
\grp@wdNum=\dimen264
\eq@lines=\count310
\eq@curline=\count311
\eq@badness=\count312
\EQ@vims=\count313
\eq@dp=\dimen265
\eq@wdL=\dimen266
\eq@wdT=\dimen267
\eq@wdMin=\dimen268
\grp@wdL=\dimen269
\grp@wdR=\dimen270
\grp@wdT=\dimen271
\eq@wdRmax=\dimen272
\eq@firstht=\dimen273
\eq@wdCond=\dimen274
\eq@indentstep=\dimen275
\eq@linewidth=\dimen276
\grp@linewidth=\dimen277
\eq@hshift=\dimen278
\eq@given@sidespace=\dimen279
\mathindent=\dimen280
\eq@final@linecount=\count314
\eq@wdR=\dimen281
\EQ@continue=\toks45
\lr@level=\count315
\GRP@queue=\toks46
\GRP@box=\box64
\GRP@wholebox=\box65
\darraycolsep=\skip79
\cur@row=\count316
\cur@col=\count317
\conditionsep=\skip80
)
("C:\Users\Ysis\AppData\Local\Programs\MiKTeX 2.9\tex\latex\slashbox\slashbox.s
ty"
slashbox style by K.Yasuoka, May 1993.
\@slashboxa=\box66
\@slashboxb=\box67
\@slashboxc=\box68
\@slashboxwd=\count318
\@slashboxht=\count319
\@slashsepl=\dimen282
\@slashsepr=\dimen283
) ("C:\Users\Ysis\AppData\Local\Programs\MiKTeX 2.9\tex\latex\pict2e\pict2e.sty
"
Package: pict2e 2016/02/05 v0.3b Improved picture commands (HjG,RN,JT)
 ("C:\Users\Ysis\AppData\Local\Programs\MiKTeX 2.9\tex\latex\pict2e\pict2e.cfg"
File: pict2e.cfg 2016/02/05 v0.1u pict2e configuration for teTeX/TeXLive
)
Package pict2e Info: Driver file: pdftex.def on input line 119.
Package pict2e Info: Driver file for pict2e: p2e-pdftex.def on input line 121.

("C:\Users\Ysis\AppData\Local\Programs\MiKTeX 2.9\tex\latex\pict2e\p2e-pdftex.d
ef"
File: p2e-pdftex.def 2016/02/05 v0.1u Driver-dependant file (RN,HjG,JT)
)
\pIIe@GRAPH=\toks47
\@arclen=\dimen284
\@arcrad=\dimen285
\@tempdimd=\dimen286
)

Package hyperref Warning: Option `bookmarks' has already been used,
(hyperref)                setting the option has no effect on input line 63.

("C:\Users\Ysis\AppData\Local\Programs\MiKTeX 2.9\tex\latex\natbib\natbib.sty"
Package: natbib 2010/09/13 8.31b (PWD, AO)
\bibhang=\skip81
\bibsep=\skip82
LaTeX Info: Redefining \cite on input line 694.
\c@NAT@ctr=\count320
) (proyecto_YsisLacruz.aux

LaTeX Warning: Label `tabla-caract' multiply defined.

)
\openout1 = `proyecto_YsisLacruz.aux'.

LaTeX Font Info:    Checking defaults for OML/cmm/m/it on input line 83.
LaTeX Font Info:    ... okay on input line 83.
LaTeX Font Info:    Checking defaults for T1/cmr/m/n on input line 83.
LaTeX Font Info:    ... okay on input line 83.
LaTeX Font Info:    Checking defaults for OT1/cmr/m/n on input line 83.
LaTeX Font Info:    ... okay on input line 83.
LaTeX Font Info:    Checking defaults for OMS/cmsy/m/n on input line 83.
LaTeX Font Info:    ... okay on input line 83.
LaTeX Font Info:    Checking defaults for OMX/cmex/m/n on input line 83.
LaTeX Font Info:    ... okay on input line 83.
LaTeX Font Info:    Checking defaults for U/cmr/m/n on input line 83.
LaTeX Font Info:    ... okay on input line 83.
LaTeX Font Info:    Checking defaults for PD1/pdf/m/n on input line 83.
LaTeX Font Info:    ... okay on input line 83.

("C:\Users\Ysis\AppData\Local\Programs\MiKTeX 2.9\tex\context\base\supp-pdf.mki
i"
[Loading MPS to PDF converter (version 2006.09.02).]
\scratchcounter=\count321
\scratchdimen=\dimen287
\scratchbox=\box69
\nofMPsegments=\count322
\nofMParguments=\count323
\everyMPshowfont=\toks48
\MPscratchCnt=\count324
\MPscratchDim=\dimen288
\MPnumerator=\count325
\makeMPintoPDFobject=\count326
\everyMPtoPDFconversion=\toks49
)
("C:\Users\Ysis\AppData\Local\Programs\MiKTeX 2.9\tex\latex\oberdiek\epstopdf-b
ase.sty"
Package: epstopdf-base 2016/05/15 v2.6 Base part for package epstopdf

("C:\Users\Ysis\AppData\Local\Programs\MiKTeX 2.9\tex\latex\oberdiek\grfext.sty
"
Package: grfext 2016/05/16 v1.2 Manage graphics extensions (HO)
)
Package epstopdf-base Info: Redefining graphics rule for `.eps' on input line 4
38.
Package grfext Info: Graphics extension search list:
(grfext)             [.pdf,.png,.jpg,.mps,.jpeg,.jbig2,.jb2,.PDF,.PNG,.JPG,.JPE
G,.JBIG2,.JB2,.eps]
(grfext)             \AppendGraphicsExtensions on input line 456.
) ABD: EveryShipout initializing macros
\AtBeginShipoutBox=\box70
Package hyperref Info: Link coloring ON on input line 83.

("C:\Users\Ysis\AppData\Local\Programs\MiKTeX 2.9\tex\latex\hyperref\nameref.st
y"
Package: nameref 2016/05/21 v2.44 Cross-referencing by name of section

("C:\Users\Ysis\AppData\Local\Programs\MiKTeX 2.9\tex\generic\oberdiek\gettitle
string.sty"
Package: gettitlestring 2016/05/16 v1.5 Cleanup title references (HO)
)
\c@section@level=\count327
)
LaTeX Info: Redefining \ref on input line 83.
LaTeX Info: Redefining \pageref on input line 83.
LaTeX Info: Redefining \nameref on input line 83.
 (proyecto_YsisLacruz.out) (proyecto_YsisLacruz.out)
\@outlinefile=\write4
\openout4 = `proyecto_YsisLacruz.out'.


Most over/underfulls in first few pages are the fault of this package.
Ignore all them. If uncorrectable errors occur, notify staff.
<ula.png, id=250, 100.375pt x 140.525pt>
File: ula.png Graphic file (type png)
<use ula.png>
Package pdftex.def Info: ula.png  used on input line 232.
(pdftex.def)             Requested size: 56.9055pt x 79.66908pt.
LaTeX Font Info:    Try loading font information for OMS+cmr on input line 232.

("C:\Users\Ysis\AppData\Local\Programs\MiKTeX 2.9\tex\latex\base\omscmr.fd"
File: omscmr.fd 2014/09/29 v2.5h Standard LaTeX font definitions
)
LaTeX Font Info:    Font shape `OMS/cmr/m/n' in size <12> not available
(Font)              Font shape `OMS/cmsy/m/n' tried instead on input line 232.

[1


{C:/Users/Ysis/AppData/Local/MiKTeX/2.9/pdftex/config/pdftex.map} <./ula.png>] 
[2

] (proyecto_YsisLacruz.toc
LaTeX Font Info:    Try loading font information for U+msa on input line 3.

("C:\Users\Ysis\AppData\Local\Programs\MiKTeX 2.9\tex\latex\amsfonts\umsa.fd"
File: umsa.fd 2013/01/14 v3.01 AMS symbols A
)
LaTeX Font Info:    Try loading font information for U+msb on input line 3.

("C:\Users\Ysis\AppData\Local\Programs\MiKTeX 2.9\tex\latex\amsfonts\umsb.fd"
File: umsb.fd 2013/01/14 v3.01 AMS symbols B
)
[3

] [4])
\tf@toc=\write5
\openout5 = `proyecto_YsisLacruz.toc'.

 [5] (proyecto_YsisLacruz.lot)
\tf@lot=\write6
\openout6 = `proyecto_YsisLacruz.lot'.

 [6

]
Proyecto ULA preface pages completed.
Cap\'{\i }tulo 1.

Package Fancyhdr Warning: \headheight is too small (12.0pt): 
 Make it at least 14.49998pt.
 We now make it that large for the rest of the document.
 This may cause the page layout to be inconsistent, however.

[1


]

Package Fancyhdr Warning: \headheight is too small (12.0pt): 
 Make it at least 14.49998pt.
 We now make it that large for the rest of the document.
 This may cause the page layout to be inconsistent, however.

[2]
<figures/1industry40.png, id=376, 425.33907pt x 228.10219pt>
File: figures/1industry40.png Graphic file (type png)
<use figures/1industry40.png>
Package pdftex.def Info: figures/1industry40.png  used on input line 296.
(pdftex.def)             Requested size: 425.33801pt x 228.10161pt.


Package Fancyhdr Warning: \headheight is too small (12.0pt): 
 Make it at least 14.49998pt.
 We now make it that large for the rest of the document.
 This may cause the page layout to be inconsistent, however.

[3pdfTeX warning (ext4): destination with the same identifier (name{figure.1.1}
) has been already used, duplicate ignored

\@EveryShipout@Output ...@Org@Shipout \box \@cclv 
                                                  
l.302 
       <./figures/1industry40.png>]
Underfull \hbox (badness 2197) in paragraph at lines 303--304
\OT1/cmr/m/n/12 hidrologicas tienen rig-urosos es-tu-dios so-bre re-des que in
-cluyendo apli-ca-ciones
 []


Package Fancyhdr Warning: \headheight is too small (12.0pt): 
 Make it at least 14.49998pt.
 We now make it that large for the rest of the document.
 This may cause the page layout to be inconsistent, however.

[4]

Package Fancyhdr Warning: \headheight is too small (12.0pt): 
 Make it at least 14.49998pt.
 We now make it that large for the rest of the document.
 This may cause the page layout to be inconsistent, however.

[5]

Package Fancyhdr Warning: \headheight is too small (12.0pt): 
 Make it at least 14.49998pt.
 We now make it that large for the rest of the document.
 This may cause the page layout to be inconsistent, however.

[6]
Cap\'{\i }tulo 2.

Underfull \hbox (badness 2809) in paragraph at lines 346--347
[]\OT1/cmr/m/n/12 Si bien la tec-nologa es una her-ramienta clave, una ciu-da
d dig-i-tal-izada
 []


Underfull \hbox (badness 1184) in paragraph at lines 346--347
\OT1/cmr/m/n/12 no nece-sari-a-mente es in-teligente; la nocion de ciu-dad in-
teligente es la fusion
 []

<figures/2smartcities.png, id=397, 463.7325pt x 460.72125pt>
File: figures/2smartcities.png Graphic file (type png)
<use figures/2smartcities.png>
Package pdftex.def Info: figures/2smartcities.png  used on input line 350.
(pdftex.def)             Requested size: 231.86568pt x 230.36006pt.

Package Fancyhdr Warning: \headheight is too small (12.0pt): 
 Make it at least 14.49998pt.
 We now make it that large for the rest of the document.
 This may cause the page layout to be inconsistent, however.

[7

]

Package Fancyhdr Warning: \headheight is too small (12.0pt): 
 Make it at least 14.49998pt.
 We now make it that large for the rest of the document.
 This may cause the page layout to be inconsistent, however.

[8pdfTeX warning (ext4): destination with the same identifier (name{figure.2.1}
) has been already used, duplicate ignored

\@EveryShipout@Output ...@Org@Shipout \box \@cclv 
                                                  
l.365 				\item  \textbf
                        {Virtualización:} Se refiere a un vínculo entre los ...
 <./figures/2smartcities.png>]
Underfull \hbox (badness 1112) in paragraph at lines 376--377
\OT1/cmr/m/n/12 que in-te-gran com-po-nentes fsicos con com-po-nentes com-put
a-cionales, guardando
 []


Package Fancyhdr Warning: \headheight is too small (12.0pt): 
 Make it at least 14.49998pt.
 We now make it that large for the rest of the document.
 This may cause the page layout to be inconsistent, however.

[9]
<figures/2cps.png, id=413, 443.40656pt x 301.125pt>
File: figures/2cps.png Graphic file (type png)
<use figures/2cps.png>
Package pdftex.def Info: figures/2cps.png  used on input line 384.
(pdftex.def)             Requested size: 310.38248pt x 210.78606pt.


Package Fancyhdr Warning: \headheight is too small (12.0pt): 
 Make it at least 14.49998pt.
 We now make it that large for the rest of the document.
 This may cause the page layout to be inconsistent, however.

[10pdfTeX warning (ext4): destination with the same identifier (name{figure.2.2
}) has been already used, duplicate ignored

\@EveryShipout@Output ...@Org@Shipout \box \@cclv 
                                                  
l.394 				
           <./figures/2cps.png>]

Package Fancyhdr Warning: \headheight is too small (12.0pt): 
 Make it at least 14.49998pt.
 We now make it that large for the rest of the document.
 This may cause the page layout to be inconsistent, however.

[11]
Underfull \hbox (badness 1642) in paragraph at lines 419--420
[]\OT1/cmr/m/n/12 El conocimiento, desde una vision or-ga-ni-za-cional, es con
-sid-er-ado como la
 []


Package Fancyhdr Warning: \headheight is too small (12.0pt): 
 Make it at least 14.49998pt.
 We now make it that large for the rest of the document.
 This may cause the page layout to be inconsistent, however.

[12]
<figures/2valuechain.png, id=428, 332.74312pt x 137.7647pt>
File: figures/2valuechain.png Graphic file (type png)
<use figures/2valuechain.png>
Package pdftex.def Info: figures/2valuechain.png  used on input line 429.
(pdftex.def)             Requested size: 332.7423pt x 137.76434pt.


Package Fancyhdr Warning: \headheight is too small (12.0pt): 
 Make it at least 14.49998pt.
 We now make it that large for the rest of the document.
 This may cause the page layout to be inconsistent, however.

[13pdfTeX warning (ext4): destination with the same identifier (name{figure.2.3
}) has been already used, duplicate ignored

\@EveryShipout@Output ...@Org@Shipout \box \@cclv 
                                                  
l.435 
       <./figures/2valuechain.png>]
<figures/2nodesnet1.png, id=436, 479.7925pt x 336.25626pt>
File: figures/2nodesnet1.png Graphic file (type png)
<use figures/2nodesnet1.png>
Package pdftex.def Info: figures/2nodesnet1.png  used on input line 452.
(pdftex.def)             Requested size: 239.89565pt x 168.12772pt.


Package Fancyhdr Warning: \headheight is too small (12.0pt): 
 Make it at least 14.49998pt.
 We now make it that large for the rest of the document.
 This may cause the page layout to be inconsistent, however.

[14]
<figures/2nodesnet2.png, id=443, 480.79625pt x 323.2075pt>
File: figures/2nodesnet2.png Graphic file (type png)
<use figures/2nodesnet2.png>
Package pdftex.def Info: figures/2nodesnet2.png  used on input line 461.
(pdftex.def)             Requested size: 240.39752pt x 161.60335pt.


Package Fancyhdr Warning: \headheight is too small (12.0pt): 
 Make it at least 14.49998pt.
 We now make it that large for the rest of the document.
 This may cause the page layout to be inconsistent, however.

[15pdfTeX warning (ext4): destination with the same identifier (name{figure.2.4
}) has been already used, duplicate ignored

\@EveryShipout@Output ...@Org@Shipout \box \@cclv 
                                                  
l.467 
      pdfTeX warning (ext4): destination with the same identifier (name{figure.
2.5}) has been already used, duplicate ignored

\@EveryShipout@Output ...@Org@Shipout \box \@cclv 
                                                  
l.467 
       <./figures/2nodesnet1.png> <./figures/2nodesnet2.png>]
<figures/2nodesnet3.png, id=452, 483.8075pt x 322.20375pt>
File: figures/2nodesnet3.png Graphic file (type png)
<use figures/2nodesnet3.png>
Package pdftex.def Info: figures/2nodesnet3.png  used on input line 470.
(pdftex.def)             Requested size: 241.90315pt x 161.10147pt.


Package Fancyhdr Warning: \headheight is too small (12.0pt): 
 Make it at least 14.49998pt.
 We now make it that large for the rest of the document.
 This may cause the page layout to be inconsistent, however.

[16pdfTeX warning (ext4): destination with the same identifier (name{figure.2.6
}) has been already used, duplicate ignored

\@EveryShipout@Output ...@Org@Shipout \box \@cclv 
                                                  
l.481 U
       n modelo híbrido es la representación de las transiciones discretas y...
 <./figures/2nodesnet3.png>]
<figures/2petrinet.png, id=460, 92.59593pt x 191.21437pt>
File: figures/2petrinet.png Graphic file (type png)
<use figures/2petrinet.png>
Package pdftex.def Info: figures/2petrinet.png  used on input line 487.
(pdftex.def)             Requested size: 46.29784pt x 95.60695pt.

Underfull \hbox (badness 10000) in paragraph at lines 499--509

 []


Package Fancyhdr Warning: \headheight is too small (12.0pt): 
 Make it at least 14.49998pt.
 We now make it that large for the rest of the document.
 This may cause the page layout to be inconsistent, however.

[17pdfTeX warning (ext4): destination with the same identifier (name{figure.2.7
}) has been already used, duplicate ignored

\@EveryShipout@Output ...@Org@Shipout \box \@cclv 
                                                  
l.509 
       <./figures/2petrinet.png>]
Underfull \hbox (badness 10000) in paragraph at lines 517--523

 []


Package Fancyhdr Warning: \headheight is too small (12.0pt): 
 Make it at least 14.49998pt.
 We now make it that large for the rest of the document.
 This may cause the page layout to be inconsistent, however.

[18]
<figures/2holon.png, id=478, 489.83pt x 444.66125pt>
File: figures/2holon.png Graphic file (type png)
<use figures/2holon.png>
Package pdftex.def Info: figures/2holon.png  used on input line 534.
(pdftex.def)             Requested size: 244.9144pt x 222.33008pt.
<figures/2prosa.png, id=480, 456.70625pt x 315.1775pt>
File: figures/2prosa.png Graphic file (type png)
<use figures/2prosa.png>
Package pdftex.def Info: figures/2prosa.png  used on input line 543.
(pdftex.def)             Requested size: 228.35255pt x 157.58836pt.


Package Fancyhdr Warning: \headheight is too small (12.0pt): 
 Make it at least 14.49998pt.
 We now make it that large for the rest of the document.
 This may cause the page layout to be inconsistent, however.

[19pdfTeX warning (ext4): destination with the same identifier (name{figure.2.8
}) has been already used, duplicate ignored

\@EveryShipout@Output ...@Org@Shipout \box \@cclv 
                                                  
l.553 				\item U
                 n holón de recurso contiene la parte física de un recurso n...
 <./figures/2holon.png>]
<figures/2holonicunit.png, id=490, 730.73pt x 349.305pt>
File: figures/2holonicunit.png Graphic file (type png)
<use figures/2holonicunit.png>
Package pdftex.def Info: figures/2holonicunit.png  used on input line 560.
(pdftex.def)             Requested size: 292.28682pt x 139.71951pt.


Package Fancyhdr Warning: \headheight is too small (12.0pt): 
 Make it at least 14.49998pt.
 We now make it that large for the rest of the document.
 This may cause the page layout to be inconsistent, however.

[20pdfTeX warning (ext4): destination with the same identifier (name{figure.2.9
}) has been already used, duplicate ignored

\@EveryShipout@Output ...@Org@Shipout \box \@cclv 
                                                  
l.566 
       <./figures/2prosa.png>]

Package Fancyhdr Warning: \headheight is too small (12.0pt): 
 Make it at least 14.49998pt.
 We now make it that large for the rest of the document.
 This may cause the page layout to be inconsistent, however.

[21pdfTeX warning (ext4): destination with the same identifier (name{figure.2.1
0}) has been already used, duplicate ignored

\@EveryShipout@Output ...@Org@Shipout \box \@cclv 
                                                  
l.573 			\end{itemize}
                       <./figures/2holonicunit.png>]
<figures/2holoniccompany.png, id=505, 344.03531pt x 245.41687pt>
File: figures/2holoniccompany.png Graphic file (type png)
<use figures/2holoniccompany.png>
Package pdftex.def Info: figures/2holoniccompany.png  used on input line 577.
(pdftex.def)             Requested size: 344.03447pt x 245.41626pt.


Package Fancyhdr Warning: \headheight is too small (12.0pt): 
 Make it at least 14.49998pt.
 We now make it that large for the rest of the document.
 This may cause the page layout to be inconsistent, however.

[22pdfTeX warning (ext4): destination with the same identifier (name{figure.2.1
1}) has been already used, duplicate ignored

\@EveryShipout@Output ...@Org@Shipout \box \@cclv 
                                                  
l.587 
       <./figures/2holoniccompany.png>]
<figures/2wss.png, id=511, 425.33907pt x 418.56375pt>
File: figures/2wss.png Graphic file (type png)
<use figures/2wss.png>
Package pdftex.def Info: figures/2wss.png  used on input line 594.
(pdftex.def)             Requested size: 425.33801pt x 418.56271pt.


Package Fancyhdr Warning: \headheight is too small (12.0pt): 
 Make it at least 14.49998pt.
 We now make it that large for the rest of the document.
 This may cause the page layout to be inconsistent, however.

[23]

Package Fancyhdr Warning: \headheight is too small (12.0pt): 
 Make it at least 14.49998pt.
 We now make it that large for the rest of the document.
 This may cause the page layout to be inconsistent, however.

[24pdfTeX warning (ext4): destination with the same identifier (name{figure.2.1
2}) has been already used, duplicate ignored

\@EveryShipout@Output ...@Org@Shipout \box \@cclv 
                                                  
l.603 U
       n esquema que proporciona un sistema autónomo modular es el holónico;...
 <./figures/2wss.png>]

Package Fancyhdr Warning: \headheight is too small (12.0pt): 
 Make it at least 14.49998pt.
 We now make it that large for the rest of the document.
 This may cause the page layout to be inconsistent, however.

[25]
Cap\'{\i }tulo 3.

Underfull \hbox (badness 1248) in paragraph at lines 609--610
[]\OT1/cmr/m/n/12 Las hidrologicas son una em-presa de ser-vi-cio cuya mision
 es pro-por-cionar
 []

<figures/3waterprocess.png, id=527, 1204.5pt x 579.66562pt>
File: figures/3waterprocess.png Graphic file (type png)
<use figures/3waterprocess.png>
Package pdftex.def Info: figures/3waterprocess.png  used on input line 613.
(pdftex.def)             Requested size: 361.35278pt x 173.90102pt.
<figures/3chainhydro.png, id=529, 231.11343pt x 70.01157pt>
File: figures/3chainhydro.png Graphic file (type png)
<use figures/3chainhydro.png>
Package pdftex.def Info: figures/3chainhydro.png  used on input line 630.
(pdftex.def)             Requested size: 231.11287pt x 70.01138pt.

Package Fancyhdr Warning: \headheight is too small (12.0pt): 
 Make it at least 14.49998pt.
 We now make it that large for the rest of the document.
 This may cause the page layout to be inconsistent, however.

[26

]

Package Fancyhdr Warning: \headheight is too small (12.0pt): 
 Make it at least 14.49998pt.
 We now make it that large for the rest of the document.
 This may cause the page layout to be inconsistent, however.

[27pdfTeX warning (ext4): destination with the same identifier (name{figure.3.1
}) has been already used, duplicate ignored

\@EveryShipout@Output ...@Org@Shipout \box \@cclv 
                                                  
l.642 					\item E
                  laboración de planes de desarrollo para satisfacer las nec...
pdfTeX warning (ext4): destination with the same identifier (name{figure.3.2}) 
has been already used, duplicate ignored

\@EveryShipout@Output ...@Org@Shipout \box \@cclv 
                                                  
l.642 					\item E
                  laboración de planes de desarrollo para satisfacer las nec...
 <./figures/3waterprocess.png> <./figures/3chainhydro.png>]

Package Fancyhdr Warning: \headheight is too small (12.0pt): 
 Make it at least 14.49998pt.
 We now make it that large for the rest of the document.
 This may cause the page layout to be inconsistent, however.

[28]

Package Fancyhdr Warning: \headheight is too small (12.0pt): 
 Make it at least 14.49998pt.
 We now make it that large for the rest of the document.
 This may cause the page layout to be inconsistent, however.

[29]

Package Fancyhdr Warning: \headheight is too small (12.0pt): 
 Make it at least 14.49998pt.
 We now make it that large for the rest of the document.
 This may cause the page layout to be inconsistent, however.

[30]
<figures/3chainsource.png, id=555, 307.1475pt x 37.64063pt>
File: figures/3chainsource.png Graphic file (type png)
<use figures/3chainsource.png>
Package pdftex.def Info: figures/3chainsource.png  used on input line 719.
(pdftex.def)             Requested size: 307.14674pt x 37.64052pt.
<figures/3chainop.png, id=557, 607.51968pt x 36.88782pt>
File: figures/3chainop.png Graphic file (type png)
<use figures/3chainop.png>
Package pdftex.def Info: figures/3chainop.png  used on input line 730.
(pdftex.def)             Requested size: 425.26086pt x 25.82127pt.
<figures/3chaincom.png, id=559, 288.3272pt x 36.88782pt>
File: figures/3chaincom.png Graphic file (type png)
<use figures/3chaincom.png>
Package pdftex.def Info: figures/3chaincom.png  used on input line 743.
(pdftex.def)             Requested size: 288.32648pt x 36.88771pt.

Underfull \hbox (badness 3815) in paragraph at lines 750--751
\OT1/cmr/m/n/12 Hu-manos, Rela-ciones In-dus-tri-ales, Pro-teccion In-te-gral,
 Rela-ciones con otros
 []


Package Fancyhdr Warning: \headheight is too small (12.0pt): 
 Make it at least 14.49998pt.
 We now make it that large for the rest of the document.
 This may cause the page layout to be inconsistent, however.

[31pdfTeX warning (ext4): destination with the same identifier (name{figure.3.3
}) has been already used, duplicate ignored

\@EveryShipout@Output ...@Org@Shipout \box \@cclv 
                                                  
l.751 
      pdfTeX warning (ext4): destination with the same identifier (name{figure.
3.4}) has been already used, duplicate ignored

\@EveryShipout@Output ...@Org@Shipout \box \@cclv 
                                                  
l.751 
       <./figures/3chainsource.png> <./figures/3chainop.png>]
<figures/3support.png, id=568, 332.74312pt x 115.18031pt>
File: figures/3support.png Graphic file (type png)
<use figures/3support.png>
Package pdftex.def Info: figures/3support.png  used on input line 754.
(pdftex.def)             Requested size: 332.7423pt x 115.18001pt.
<figures/3valuechainhydro.png, id=570, 623.32875pt x 375.65344pt>
File: figures/3valuechainhydro.png Graphic file (type png)
<use figures/3valuechainhydro.png>
Package pdftex.def Info: figures/3valuechainhydro.png  used on input line 765.
(pdftex.def)             Requested size: 374.00014pt x 225.3938pt.


Package Fancyhdr Warning: \headheight is too small (12.0pt): 
 Make it at least 14.49998pt.
 We now make it that large for the rest of the document.
 This may cause the page layout to be inconsistent, however.

[32pdfTeX warning (ext4): destination with the same identifier (name{figure.3.5
}) has been already used, duplicate ignored

\@EveryShipout@Output ...@Org@Shipout \box \@cclv 
                                                  
l.773 
      pdfTeX warning (ext4): destination with the same identifier (name{figure.
3.6}) has been already used, duplicate ignored

\@EveryShipout@Output ...@Org@Shipout \box \@cclv 
                                                  
l.773 
       <./figures/3chaincom.png> <./figures/3support.png>]
<figures/3planning.png, id=578, 703.12688pt x 471.26062pt>
File: figures/3planning.png Graphic file (type png)
<use figures/3planning.png>
Package pdftex.def Info: figures/3planning.png  used on input line 776.
(pdftex.def)             Requested size: 351.56258pt x 235.62973pt.
<figures/3aps.png, id=580, 373.833pt x 257.8725pt>
File: figures/3aps.png Graphic file (type png)
<use figures/3aps.png>
Package pdftex.def Info: figures/3aps.png  used on input line 787.
(pdftex.def)             Requested size: 261.68129pt x 180.5095pt.

Underfull \hbox (badness 2781) in paragraph at lines 794--795
\OT1/cmr/m/n/12 de-scripcion de las competencias-habilidades, mod-e-los y mo-d
os de op-eracion,
 []


Package Fancyhdr Warning: \headheight is too small (12.0pt): 
 Make it at least 14.49998pt.
 We now make it that large for the rest of the document.
 This may cause the page layout to be inconsistent, however.

[33pdfTeX warning (ext4): destination with the same identifier (name{figure.3.7
}) has been already used, duplicate ignored

\@EveryShipout@Output ...@Org@Shipout \box \@cclv 
                                                  
l.795 
       <./figures/3valuechainhydro.png>]

Package Fancyhdr Warning: \headheight is too small (12.0pt): 
 Make it at least 14.49998pt.
 We now make it that large for the rest of the document.
 This may cause the page layout to be inconsistent, however.

[34pdfTeX warning (ext4): destination with the same identifier (name{figure.3.8
}) has been already used, duplicate ignored

\@EveryShipout@Output ...@Org@Shipout \box \@cclv 
                                                  
l.795 
      pdfTeX warning (ext4): destination with the same identifier (name{figure.
3.9}) has been already used, duplicate ignored

\@EveryShipout@Output ...@Org@Shipout \box \@cclv 
                                                  
l.795 
       <./figures/3planning.png> <./figures/3aps.png>]
<figures/3holonichydro.png, id=593, 572.1375pt x 414.79968pt>
File: figures/3holonichydro.png Graphic file (type png)
<use figures/3holonichydro.png>
Package pdftex.def Info: figures/3holonichydro.png  used on input line 798.
(pdftex.def)             Requested size: 343.28514pt x 248.88173pt.


Package Fancyhdr Warning: \headheight is too small (12.0pt): 
 Make it at least 14.49998pt.
 We now make it that large for the rest of the document.
 This may cause the page layout to be inconsistent, however.

[35pdfTeX warning (ext4): destination with the same identifier (name{figure.3.1
0}) has been already used, duplicate ignored

\@EveryShipout@Output ...@Org@Shipout \box \@cclv 
                                                  
l.810 
       <./figures/3holonichydro.png>]
<figures/3potab.png, id=600, 718.93594pt x 221.32687pt>
File: figures/3potab.png Graphic file (type png)
<use figures/3potab.png>
Package pdftex.def Info: figures/3potab.png  used on input line 813.
(pdftex.def)             Requested size: 431.3649pt x 132.79713pt.
<figures/3catchwater.png, id=602, 654.19406pt x 383.18156pt>
File: figures/3catchwater.png Graphic file (type png)
<use figures/3catchwater.png>
Package pdftex.def Info: figures/3catchwater.png  used on input line 824.
(pdftex.def)             Requested size: 392.51945pt x 229.9107pt.


Package Fancyhdr Warning: \headheight is too small (12.0pt): 
 Make it at least 14.49998pt.
 We now make it that large for the rest of the document.
 This may cause the page layout to be inconsistent, however.

[36pdfTeX warning (ext4): destination with the same identifier (name{figure.3.1
1}) has been already used, duplicate ignored

\@EveryShipout@Output ...@Org@Shipout \box \@cclv 
                                                  
l.834 
       <./figures/3potab.png>]

Package Fancyhdr Warning: \headheight is too small (12.0pt): 
 Make it at least 14.49998pt.
 We now make it that large for the rest of the document.
 This may cause the page layout to be inconsistent, however.

[37pdfTeX warning (ext4): destination with the same identifier (name{figure.3.1
2}) has been already used, duplicate ignored

\@EveryShipout@Output ...@Org@Shipout \box \@cclv 
                                                  
l.856 				\end{table}
                      <./figures/3catchwater.png>]

Package Fancyhdr Warning: \headheight is too small (12.0pt): 
 Make it at least 14.49998pt.
 We now make it that large for the rest of the document.
 This may cause the page layout to be inconsistent, however.

[38pdfTeX warning (ext4): destination with the same identifier (name{table.3.1}
) has been already used, duplicate ignored

\@EveryShipout@Output ...@Org@Shipout \box \@cclv 
                                                  
l.871 
      ]

Package Fancyhdr Warning: \headheight is too small (12.0pt): 
 Make it at least 14.49998pt.
 We now make it that large for the rest of the document.
 This may cause the page layout to be inconsistent, however.

[39]
<figures/3jarras.png, id=624, 438.8897pt x 298.11375pt>
File: figures/3jarras.png Graphic file (type png)
<use figures/3jarras.png>
Package pdftex.def Info: figures/3jarras.png  used on input line 894.
(pdftex.def)             Requested size: 263.33585pt x 178.86963pt.
<figures/3valuechainpotab.png, id=627, 614.295pt x 114.4275pt>
File: figures/3valuechainpotab.png Graphic file (type png)
<use figures/3valuechainpotab.png>
Package pdftex.def Info: figures/3valuechainpotab.png  used on input line 905.
(pdftex.def)             Requested size: 430.00356pt x 80.0987pt.


Package Fancyhdr Warning: \headheight is too small (12.0pt): 
 Make it at least 14.49998pt.
 We now make it that large for the rest of the document.
 This may cause the page layout to be inconsistent, however.

[40]

Package Fancyhdr Warning: \headheight is too small (12.0pt): 
 Make it at least 14.49998pt.
 We now make it that large for the rest of the document.
 This may cause the page layout to be inconsistent, however.

[41pdfTeX warning (ext4): destination with the same identifier (name{figure.3.1
3}) has been already used, duplicate ignored

\@EveryShipout@Output ...@Org@Shipout \box \@cclv 
                                                  
l.911 
      pdfTeX warning (ext4): destination with the same identifier (name{figure.
3.14}) has been already used, duplicate ignored

\@EveryShipout@Output ...@Org@Shipout \box \@cclv 
                                                  
l.911 
       <./figures/3jarras.png> <./figures/3valuechainpotab.png>]
<figures/3pid.png, id=639, 1293.33188pt x 797.98125pt>
File: figures/3pid.png Graphic file (type png)
<use figures/3pid.png>
Package pdftex.def Info: figures/3pid.png  used on input line 922.
(pdftex.def)             Requested size: 646.66435pt x 398.98964pt.


LaTeX Warning: Float too large for page by 58.59253pt on input line 925.


Package Fancyhdr Warning: \headheight is too small (12.0pt): 
 Make it at least 14.49998pt.
 We now make it that large for the rest of the document.
 This may cause the page layout to be inconsistent, however.

[42]

Package Fancyhdr Warning: \headheight is too small (12.0pt): 
 Make it at least 14.49998pt.
 We now make it that large for the rest of the document.
 This may cause the page layout to be inconsistent, however.

[43pdfTeX warning (ext4): destination with the same identifier (name{figure.3.1
5}) has been already used, duplicate ignored

\@EveryShipout@Output ...@Org@Shipout \box \@cclv 
                                                  
l.932 
       <./figures/3pid.png>]

Package Fancyhdr Warning: \headheight is too small (12.0pt): 
 Make it at least 14.49998pt.
 We now make it that large for the rest of the document.
 This may cause the page layout to be inconsistent, however.

[44]
Underfull \hbox (badness 1221) in paragraph at lines 963--964
[]\OT1/cmr/m/n/12 Monitorear la sal-ida del flujo una vez cumplido el tiempo ad
e-cuado de
 []


Package Fancyhdr Warning: \headheight is too small (12.0pt): 
 Make it at least 14.49998pt.
 We now make it that large for the rest of the document.
 This may cause the page layout to be inconsistent, however.

[45]
<figures/3parshall.png, id=659, 793.46437pt x 380.92313pt>
File: figures/3parshall.png Graphic file (type png)
<use figures/3parshall.png>
Package pdftex.def Info: figures/3parshall.png  used on input line 994.
(pdftex.def)             Requested size: 396.73122pt x 190.46109pt.


Package Fancyhdr Warning: \headheight is too small (12.0pt): 
 Make it at least 14.49998pt.
 We now make it that large for the rest of the document.
 This may cause the page layout to be inconsistent, however.

[46]

Package Fancyhdr Warning: \headheight is too small (12.0pt): 
 Make it at least 14.49998pt.
 We now make it that large for the rest of the document.
 This may cause the page layout to be inconsistent, however.

[47pdfTeX warning (ext4): destination with the same identifier (name{figure.3.1
6}) has been already used, duplicate ignored

\@EveryShipout@Output ...@Org@Shipout \box \@cclv 
                                                  
l.1016 					\item[$-$]
                        Verificar que el caudal de entrada corresponda con e...
 <./figures/3parshall.png>]
<figures/3flocculator.png, id=670, 487.8225pt x 380.92313pt>
File: figures/3flocculator.png Graphic file (type png)
<use figures/3flocculator.png>
Package pdftex.def Info: figures/3flocculator.png  used on input line 1036.
(pdftex.def)             Requested size: 243.91064pt x 190.46109pt.


Package Fancyhdr Warning: \headheight is too small (12.0pt): 
 Make it at least 14.49998pt.
 We now make it that large for the rest of the document.
 This may cause the page layout to be inconsistent, however.

[48]

Package Fancyhdr Warning: \headheight is too small (12.0pt): 
 Make it at least 14.49998pt.
 We now make it that large for the rest of the document.
 This may cause the page layout to be inconsistent, however.

[49pdfTeX warning (ext4): destination with the same identifier (name{figure.3.1
7}) has been already used, duplicate ignored

\@EveryShipout@Output ...@Org@Shipout \box \@cclv 
                                                  
l.1066 					\item[$-$]
                        Remoción de lodos, incluye el manejo de las válvulas...
 <./figures/3flocculator.png>]

LaTeX Warning: Reference `sediment' on page 50 undefined on input line 1077.

<figures/3sediment.png, id=681, 277.035pt x 199.947pt>
File: figures/3sediment.png Graphic file (type png)
<use figures/3sediment.png>
Package pdftex.def Info: figures/3sediment.png  used on input line 1081.
(pdftex.def)             Requested size: 221.6283pt x 159.95781pt.

Package Fancyhdr Warning: \headheight is too small (12.0pt): 
 Make it at least 14.49998pt.
 We now make it that large for the rest of the document.
 This may cause the page layout to be inconsistent, however.

[50]

LaTeX Warning: Reference `filter' on page 51 undefined on input line 1100.


Package Fancyhdr Warning: \headheight is too small (12.0pt): 
 Make it at least 14.49998pt.
 We now make it that large for the rest of the document.
 This may cause the page layout to be inconsistent, however.

[51pdfTeX warning (ext4): destination with the same identifier (name{figure.3.1
8}) has been already used, duplicate ignored

\@EveryShipout@Output ...@Org@Shipout \box \@cclv 
                                                  
l.1103 
        <./figures/3sediment.png>]
<figures/3filter.png, id=692, 484.81125pt x 258.21469pt>
File: figures/3filter.png Graphic file (type png)
<use figures/3filter.png>
Package pdftex.def Info: figures/3filter.png  used on input line 1108.
(pdftex.def)             Requested size: 339.36555pt x 180.74904pt.


Package Fancyhdr Warning: \headheight is too small (12.0pt): 
 Make it at least 14.49998pt.
 We now make it that large for the rest of the document.
 This may cause the page layout to be inconsistent, however.

[52pdfTeX warning (ext4): destination with the same identifier (name{figure.3.1
9}) has been already used, duplicate ignored

\@EveryShipout@Output ...@Org@Shipout \box \@cclv 
                                                  
l.1121 					\item[$-$]
                        Determinación de la eficiencia de la unidad, emplean...
 <./figures/3filter.png>]

LaTeX Warning: Reference `realfilter' on page 53 undefined on input line 1130.

<figures/3realfilter.png, id=699, 1298.60156pt x 1762.33406pt>
File: figures/3realfilter.png Graphic file (type png)
<use figures/3realfilter.png>
Package pdftex.def Info: figures/3realfilter.png  used on input line 1136.
(pdftex.def)             Requested size: 129.86775pt x 176.24373pt.

Package Fancyhdr Warning: \headheight is too small (12.0pt): 
 Make it at least 14.49998pt.
 We now make it that large for the rest of the document.
 This may cause the page layout to be inconsistent, however.

[53pdfTeX warning (ext4): destination with the same identifier (name{figure.3.2
0}) has been already used, duplicate ignored

\@EveryShipout@Output ...@Org@Shipout \box \@cclv 
                                                  
l.1152 
        <./figures/3realfilter.png>]

Package Fancyhdr Warning: \headheight is too small (12.0pt): 
 Make it at least 14.49998pt.
 We now make it that large for the rest of the document.
 This may cause the page layout to be inconsistent, however.

[54]
Overfull \hbox (30.79726pt too wide) in paragraph at lines 1189--1189
[]|\OT1/cmr/bx/n/12 Condicion|  
 []


Underfull \hbox (badness 10000) in paragraph at lines 1189--1189
[]\OT1/cmr/m/n/12 Condiciones de
 []


Underfull \hbox (badness 10000) in paragraph at lines 1189--1189
[]\OT1/cmr/m/n/12 Sensores cal-i-bra-dos, sin
 []


Underfull \hbox (badness 10000) in paragraph at lines 1189--1189
[]\OT1/cmr/m/n/12 Qumico co-ag-u-lante
 []


Underfull \hbox (badness 10000) in paragraph at lines 1189--1189
[]|\OT1/cmr/m/n/12 Pruebas de lab-o-ra-to-rio
 []


Underfull \hbox (badness 10000) in paragraph at lines 1189--1189
[]\OT1/cmr/m/n/12 Correcta adicion de
 []


Underfull \hbox (badness 10000) in paragraph at lines 1189--1189
[]|\OT1/cmr/m/n/12 Compuertas con
 []


Underfull \hbox (badness 10000) in paragraph at lines 1189--1189
\OT1/cmr/m/n/12 ob-struc-ciones, sin
 []


Underfull \hbox (badness 1888) in paragraph at lines 1189--1189
[]|\OT1/cmr/m/n/12 Pruebas de lab-o-ra-to-rio no
 []


Underfull \hbox (badness 10000) in paragraph at lines 1189--1189
[]\OT1/cmr/m/n/12 Exceso de co-ag-u-lante al
 []


Overfull \hbox (30.79726pt too wide) in paragraph at lines 1208--1208
[]|\OT1/cmr/bx/n/12 Condicion|  
 []


Underfull \hbox (badness 4940) in paragraph at lines 1208--1208
[]|\OT1/cmr/m/n/12 Qumicos disponibles para
 []


Underfull \hbox (badness 10000) in paragraph at lines 1208--1208
[]\OT1/cmr/m/n/12 Compuerta de en-trada
 []


Underfull \hbox (badness 10000) in paragraph at lines 1208--1208
[]|\OT1/cmr/m/n/12 Cantidad de co-ag-u-lante
 []


Underfull \hbox (badness 1092) in paragraph at lines 1208--1208
[]\OT1/cmr/m/n/12 Sensores en falla (falta de
 []


Underfull \hbox (badness 10000) in paragraph at lines 1208--1208
[]\OT1/cmr/m/n/12 Compuertas con fal-las
 []


Underfull \hbox (badness 1014) in paragraph at lines 1208--1208
\OT1/cmr/m/n/12 mecanicas, sin in-ter-rupcion
 []


Underfull \hbox (badness 10000) in paragraph at lines 1208--1208
[]\OT1/cmr/m/n/12 Cantidad de co-ag-u-lante
 []


Underfull \hbox (badness 10000) in paragraph at lines 1208--1208
\OT1/cmr/m/n/12 a~nadido fuera del rango
 []


Underfull \hbox (badness 2799) in paragraph at lines 1208--1208
[]|\OT1/cmr/m/n/12 Compuerta de en-trada en
 []


Underfull \hbox (badness 3128) in paragraph at lines 1208--1208
\OT1/cmr/m/n/12 en falla, im-posi-bil-i-dad de
 []


Package Fancyhdr Warning: \headheight is too small (12.0pt): 
 Make it at least 14.49998pt.
 We now make it that large for the rest of the document.
 This may cause the page layout to be inconsistent, however.

[55pdfTeX warning (ext4): destination with the same identifier (name{table.3.2}
) has been already used, duplicate ignored

\@EveryShipout@Output ...@Org@Shipout \box \@cclv 
                                                  
l.1213 
       ]
Overfull \hbox (30.79726pt too wide) in paragraph at lines 1229--1229
[]|\OT1/cmr/bx/n/12 Condicion|  
 []


Underfull \hbox (badness 10000) in paragraph at lines 1229--1229
[]|\OT1/cmr/m/n/12 Nivel de agua
 []


Underfull \hbox (badness 10000) in paragraph at lines 1229--1229
[]|\OT1/cmr/m/n/12 Motor del ag-i-ta-dor en
 []


Underfull \hbox (badness 1320) in paragraph at lines 1229--1229
[]\OT1/cmr/m/n/12 Nivel de agua por
 []


Underfull \hbox (badness 10000) in paragraph at lines 1229--1229
\OT1/cmr/m/n/12 encima del rango
 []


Underfull \hbox (badness 5622) in paragraph at lines 1229--1229
[]\OT1/cmr/m/n/12 Falla en com-puer-tas, sin
 []


Underfull \hbox (badness 1320) in paragraph at lines 1229--1229
[]\OT1/cmr/m/n/12 Nivel de agua por
 []


Underfull \hbox (badness 10000) in paragraph at lines 1229--1229
[]|\OT1/cmr/m/n/12 Compuertas blo-queadas,
 []


Package Fancyhdr Warning: \headheight is too small (12.0pt): 
 Make it at least 14.49998pt.
 We now make it that large for the rest of the document.
 This may cause the page layout to be inconsistent, however.

[56pdfTeX warning (ext4): destination with the same identifier (name{table.3.3}
) has been already used, duplicate ignored

\@EveryShipout@Output ...@Org@Shipout \box \@cclv 
                                                  
l.1234 
       ]
Overfull \hbox (30.79726pt too wide) in paragraph at lines 1248--1248
[]|\OT1/cmr/bx/n/12 Condicion|  
 []


Underfull \hbox (badness 10000) in paragraph at lines 1248--1248
[]\OT1/cmr/m/n/12 Nivel de agua
 []


Underfull \hbox (badness 10000) in paragraph at lines 1248--1248
[]\OT1/cmr/m/n/12 Compuerta de en-trada
 []


Underfull \hbox (badness 10000) in paragraph at lines 1248--1248
[]\OT1/cmr/m/n/12 Compuerta de de-sague
 []


Underfull \hbox (badness 10000) in paragraph at lines 1248--1248
[]\OT1/cmr/m/n/12 Mezclador mecanico en
 []


Underfull \hbox (badness 10000) in paragraph at lines 1248--1248
[]|\OT1/cmr/m/n/12 Se vi-su-al-izan floculos en
 []


Underfull \hbox (badness 1320) in paragraph at lines 1248--1248
[]\OT1/cmr/m/n/12 Nivel de agua por
 []


Underfull \hbox (badness 10000) in paragraph at lines 1248--1248
[]|\OT1/cmr/m/n/12 Sensores en falla (falta
 []


Underfull \hbox (badness 10000) in paragraph at lines 1248--1248
\OT1/cmr/m/n/12 de per-sonal, falla en
 []


Underfull \hbox (badness 10000) in paragraph at lines 1248--1248
[]\OT1/cmr/m/n/12 Compuertas con fal-las
 []


Underfull \hbox (badness 1014) in paragraph at lines 1248--1248
\OT1/cmr/m/n/12 mecanicas, sin in-ter-rupcion
 []


Underfull \hbox (badness 1320) in paragraph at lines 1248--1248
[]\OT1/cmr/m/n/12 Nivel de agua por
 []


Underfull \hbox (badness 2799) in paragraph at lines 1248--1248
[]|\OT1/cmr/m/n/12 Compuerta de en-trada en
 []


Package Fancyhdr Warning: \headheight is too small (12.0pt): 
 Make it at least 14.49998pt.
 We now make it that large for the rest of the document.
 This may cause the page layout to be inconsistent, however.

[57pdfTeX warning (ext4): destination with the same identifier (name{table.3.4}
) has been already used, duplicate ignored

\@EveryShipout@Output ...@Org@Shipout \box \@cclv 
                                                  
l.1253 
       ]
Overfull \hbox (30.79726pt too wide) in paragraph at lines 1269--1269
[]|\OT1/cmr/bx/n/12 Condicion|  
 []


Underfull \hbox (badness 10000) in paragraph at lines 1269--1269
[]\OT1/cmr/m/n/12 Nivel de agua
 []


Underfull \hbox (badness 10000) in paragraph at lines 1269--1269
[]|\OT1/cmr/m/n/12 Compuertas en
 []


Underfull \hbox (badness 10000) in paragraph at lines 1269--1269
[]\OT1/cmr/m/n/12 Recolectores de agua
 []


Underfull \hbox (badness 10000) in paragraph at lines 1269--1269
[]\OT1/cmr/m/n/12 Disminucion con-sid-er-able
 []


Underfull \hbox (badness 2941) in paragraph at lines 1269--1269
\OT1/cmr/m/n/12 de $\OML/cmm/m/it/12 Q[]$ \OT1/cmr/m/n/12 en los canales de
 []


Underfull \hbox (badness 10000) in paragraph at lines 1269--1269
[]\OT1/cmr/m/n/12 Nivel de agua
 []


Underfull \hbox (badness 10000) in paragraph at lines 1269--1269
\OT1/cmr/m/n/12 por de-bajo de
 []


Underfull \hbox (badness 10000) in paragraph at lines 1269--1269
\OT1/cmr/m/n/12 las laminas de
 []


Underfull \hbox (badness 3601) in paragraph at lines 1269--1269
[]|\OT1/cmr/m/n/12 Compuertas en falla, con
 []


Package Fancyhdr Warning: \headheight is too small (12.0pt): 
 Make it at least 14.49998pt.
 We now make it that large for the rest of the document.
 This may cause the page layout to be inconsistent, however.

[58pdfTeX warning (ext4): destination with the same identifier (name{table.3.5}
) has been already used, duplicate ignored

\@EveryShipout@Output ...@Org@Shipout \box \@cclv 
                                                  
l.1274 				
           ]
Overfull \hbox (30.79726pt too wide) in paragraph at lines 1288--1288
[]|\OT1/cmr/bx/n/12 Condicion|  
 []


Underfull \hbox (badness 10000) in paragraph at lines 1288--1288
[]\OT1/cmr/m/n/12 Nivel de agua
 []


Underfull \hbox (badness 10000) in paragraph at lines 1288--1288
[]\OT1/cmr/m/n/12 Compuerta de en-trada
 []


Underfull \hbox (badness 10000) in paragraph at lines 1288--1288
[]\OT1/cmr/m/n/12 Compuerta de de-sague
 []


Underfull \hbox (badness 1320) in paragraph at lines 1288--1288
[]\OT1/cmr/m/n/12 Nivel de agua por
 []


Underfull \hbox (badness 10000) in paragraph at lines 1288--1288
[]|\OT1/cmr/m/n/12 Sensores en falla (falta
 []


Underfull \hbox (badness 10000) in paragraph at lines 1288--1288
\OT1/cmr/m/n/12 de per-sonal, falla en
 []


Underfull \hbox (badness 10000) in paragraph at lines 1288--1288
[]\OT1/cmr/m/n/12 Compuertas con fal-las
 []


Underfull \hbox (badness 1014) in paragraph at lines 1288--1288
\OT1/cmr/m/n/12 mecanicas, sin in-ter-rupcion
 []


Underfull \hbox (badness 10000) in paragraph at lines 1288--1288
[]\OT1/cmr/m/n/12 Se vi-su-al-izan floculos en
 []


Underfull \hbox (badness 1052) in paragraph at lines 1288--1288
\OT1/cmr/m/n/12 (de-nota falla en el calculo
 []


Underfull \hbox (badness 2293) in paragraph at lines 1288--1288
\OT1/cmr/m/n/12 de la fre-cuen-cia de as-pas
 []


Underfull \hbox (badness 1383) in paragraph at lines 1288--1288
\OT1/cmr/m/n/12 de mez-clado en la unidad
 []


Underfull \hbox (badness 10000) in paragraph at lines 1288--1288
\OT1/cmr/m/n/12 de co-ag-u-lante a~nadido,
 []


Underfull \hbox (badness 1320) in paragraph at lines 1288--1288
[]\OT1/cmr/m/n/12 Nivel de agua por
 []


Underfull \hbox (badness 2799) in paragraph at lines 1288--1288
[]|\OT1/cmr/m/n/12 Compuerta de en-trada en
 []


Underfull \hbox (badness 10000) in paragraph at lines 1288--1288
[]\OT1/cmr/m/n/12 Compuerta de descarga
 []


Underfull \hbox (badness 10000) in paragraph at lines 1288--1288
\OT1/cmr/m/n/12 de lo-dos en falla, con
 []


Underfull \hbox (badness 10000) in paragraph at lines 1288--1288
\OT1/cmr/m/n/12 perdida con-sid-er-able de
 []


Underfull \hbox (badness 10000) in paragraph at lines 1288--1288
\OT1/cmr/m/n/12 flujo o im-posi-bil-i-dad de
 []


Underfull \hbox (badness 10000) in paragraph at lines 1288--1288
\OT1/cmr/m/n/12 descar-gar lo-dos por un
 []


Package Fancyhdr Warning: \headheight is too small (12.0pt): 
 Make it at least 14.49998pt.
 We now make it that large for the rest of the document.
 This may cause the page layout to be inconsistent, however.

[59pdfTeX warning (ext4): destination with the same identifier (name{table.3.6}
) has been already used, duplicate ignored

\@EveryShipout@Output ...@Org@Shipout \box \@cclv 
                                                  
l.1293 
       ]
Overfull \hbox (30.79726pt too wide) in paragraph at lines 1309--1309
[]|\OT1/cmr/bx/n/12 Condicion|  
 []


Underfull \hbox (badness 1320) in paragraph at lines 1309--1309
[]\OT1/cmr/m/n/12 Nivel de agua por
 []


Underfull \hbox (badness 10000) in paragraph at lines 1309--1309
[]|\OT1/cmr/m/n/12 Manto fil-trante en
 []


Underfull \hbox (badness 7722) in paragraph at lines 1309--1309
[]\OT1/cmr/m/n/12 Motor de retrolavado en
 []


Underfull \hbox (badness 2012) in paragraph at lines 1309--1309
[]\OT1/cmr/m/n/12 Bombas de retrolavado en
 []


Underfull \hbox (badness 2165) in paragraph at lines 1309--1309
[]\OT1/cmr/m/n/12 Imposibilidad para re-alizar
 []


Underfull \hbox (badness 1946) in paragraph at lines 1309--1309
\OT1/cmr/m/n/12 el retrolavado, falla en el
 []


Package Fancyhdr Warning: \headheight is too small (12.0pt): 
 Make it at least 14.49998pt.
 We now make it that large for the rest of the document.
 This may cause the page layout to be inconsistent, however.

[60pdfTeX warning (ext4): destination with the same identifier (name{table.3.7}
) has been already used, duplicate ignored

\@EveryShipout@Output ...@Org@Shipout \box \@cclv 
                                                  
l.1314 
       ]
Overfull \hbox (30.79726pt too wide) in paragraph at lines 1328--1328
[]|\OT1/cmr/bx/n/12 Condicion|  
 []


Underfull \hbox (badness 10000) in paragraph at lines 1328--1328
[]\OT1/cmr/m/n/12 Nivel de agua
 []


Underfull \hbox (badness 10000) in paragraph at lines 1328--1328
[]\OT1/cmr/m/n/12 Compuerta de en-trada
 []


Underfull \hbox (badness 10000) in paragraph at lines 1328--1328
[]\OT1/cmr/m/n/12 Compuerta de de-sague
 []


Underfull \hbox (badness 1320) in paragraph at lines 1328--1328
[]\OT1/cmr/m/n/12 Nivel de agua por
 []


Underfull \hbox (badness 10000) in paragraph at lines 1328--1328
[]|\OT1/cmr/m/n/12 Sensores en falla (falta
 []


Underfull \hbox (badness 10000) in paragraph at lines 1328--1328
\OT1/cmr/m/n/12 de per-sonal, falla en
 []


Underfull \hbox (badness 10000) in paragraph at lines 1328--1328
[]\OT1/cmr/m/n/12 Compuertas con fal-las
 []


Underfull \hbox (badness 1014) in paragraph at lines 1328--1328
\OT1/cmr/m/n/12 mecanicas, sin in-ter-rupcion
 []


Underfull \hbox (badness 1320) in paragraph at lines 1328--1328
[]\OT1/cmr/m/n/12 Nivel de agua por
 []


Underfull \hbox (badness 2799) in paragraph at lines 1328--1328
[]|\OT1/cmr/m/n/12 Compuerta de en-trada en
 []


Underfull \hbox (badness 10000) in paragraph at lines 1328--1328
[]\OT1/cmr/m/n/12 Compuerta de de-sague
 []


Underfull \hbox (badness 10000) in paragraph at lines 1328--1328
\OT1/cmr/m/n/12 en falla, con perdida
 []


Package Fancyhdr Warning: \headheight is too small (12.0pt): 
 Make it at least 14.49998pt.
 We now make it that large for the rest of the document.
 This may cause the page layout to be inconsistent, however.

[61pdfTeX warning (ext4): destination with the same identifier (name{table.3.8}
) has been already used, duplicate ignored

\@EveryShipout@Output ...@Org@Shipout \box \@cclv 
                                                  
l.1333 
       ]
Overfull \hbox (30.79726pt too wide) in paragraph at lines 1349--1349
[]|\OT1/cmr/bx/n/12 Condicion|  
 []


Underfull \hbox (badness 10000) in paragraph at lines 1349--1349
[]\OT1/cmr/m/n/12 Nivel den-tro del
 []


Underfull \hbox (badness 10000) in paragraph at lines 1349--1349
[]\OT1/cmr/m/n/12 Compuertas en
 []


Underfull \hbox (badness 10000) in paragraph at lines 1349--1349
[]|\OT1/cmr/m/n/12 Pruebas de lab-o-ra-to-rio
 []


Underfull \hbox (badness 10000) in paragraph at lines 1349--1349
[]|\OT1/cmr/m/n/12 Bomba de adicion de
 []


Underfull \hbox (badness 1320) in paragraph at lines 1349--1349
[]\OT1/cmr/m/n/12 Nivel de agua por
 []


Package Fancyhdr Warning: \headheight is too small (12.0pt): 
 Make it at least 14.49998pt.
 We now make it that large for the rest of the document.
 This may cause the page layout to be inconsistent, however.

[62pdfTeX warning (ext4): destination with the same identifier (name{table.3.9}
) has been already used, duplicate ignored

\@EveryShipout@Output ...@Org@Shipout \box \@cclv 
                                                  
l.1354 			
          ]
Overfull \hbox (30.79726pt too wide) in paragraph at lines 1368--1368
[]|\OT1/cmr/bx/n/12 Condicion|  
 []


Underfull \hbox (badness 10000) in paragraph at lines 1368--1368
[]\OT1/cmr/m/n/12 Nivel de agua
 []


Underfull \hbox (badness 10000) in paragraph at lines 1368--1368
[]\OT1/cmr/m/n/12 Compuerta de en-trada
 []


Underfull \hbox (badness 10000) in paragraph at lines 1368--1368
[]\OT1/cmr/m/n/12 Compuerta de de-sague
 []


Underfull \hbox (badness 10000) in paragraph at lines 1368--1368
[]\OT1/cmr/m/n/12 Qumicos de desin-feccion
 []


Underfull \hbox (badness 10000) in paragraph at lines 1368--1368
[]|\OT1/cmr/m/n/12 Adicion de la can-ti-dad
 []


Underfull \hbox (badness 10000) in paragraph at lines 1368--1368
[]\OT1/cmr/m/n/12 Nivel de agua
 []


Underfull \hbox (badness 2486) in paragraph at lines 1368--1368
\OT1/cmr/m/n/12 por encima o por
 []


Underfull \hbox (badness 10000) in paragraph at lines 1368--1368
[]|\OT1/cmr/m/n/12 Sensores en falla (falta
 []


Underfull \hbox (badness 10000) in paragraph at lines 1368--1368
\OT1/cmr/m/n/12 de per-sonal, falla en
 []


Underfull \hbox (badness 10000) in paragraph at lines 1368--1368
[]\OT1/cmr/m/n/12 Compuertas con fal-las
 []


Underfull \hbox (badness 1014) in paragraph at lines 1368--1368
\OT1/cmr/m/n/12 mecanicas, sin in-ter-rupcion
 []


Underfull \hbox (badness 2799) in paragraph at lines 1368--1368
[]|\OT1/cmr/m/n/12 Compuerta de en-trada en
 []


Underfull \hbox (badness 10000) in paragraph at lines 1368--1368
[]\OT1/cmr/m/n/12 Compuerta de de-sague
 []


Underfull \hbox (badness 10000) in paragraph at lines 1368--1368
\OT1/cmr/m/n/12 en falla, con perdida
 []


Package Fancyhdr Warning: \headheight is too small (12.0pt): 
 Make it at least 14.49998pt.
 We now make it that large for the rest of the document.
 This may cause the page layout to be inconsistent, however.

[63pdfTeX warning (ext4): destination with the same identifier (name{table.3.10
}) has been already used, duplicate ignored

\@EveryShipout@Output ...@Org@Shipout \box \@cclv 
                                                  
l.1373 					
            ]

Package Fancyhdr Warning: \headheight is too small (12.0pt): 
 Make it at least 14.49998pt.
 We now make it that large for the rest of the document.
 This may cause the page layout to be inconsistent, however.

[64pdfTeX warning (ext4): destination with the same identifier (name{table.3.11
}) has been already used, duplicate ignored

\@EveryShipout@Output ...@Org@Shipout \box \@cclv 
                                                  
l.1374 	\chapter
                {Implementación}]
Cap\'{\i }tulo 4.

Package Fancyhdr Warning: \headheight is too small (12.0pt): 
 Make it at least 14.49998pt.
 We now make it that large for the rest of the document.
 This may cause the page layout to be inconsistent, however.

[65

]
Cap\'{\i }tulo 5.

Package Fancyhdr Warning: \headheight is too small (12.0pt): 
 Make it at least 14.49998pt.
 We now make it that large for the rest of the document.
 This may cause the page layout to be inconsistent, however.

[66

]
Cap\'{\i }tulo 6.

Underfull \hbox (badness 2828) in paragraph at lines 1399--1399
[]|\OT1/cmr/m/n/12 Medicion de tur-bidez en
 []


Underfull \hbox (badness 2913) in paragraph at lines 1399--1399
\OT1/cmr/m/n/12 el agua. De-ter-mina la
 []


Underfull \hbox (badness 5245) in paragraph at lines 1399--1399
\OT1/cmr/m/n/12 con una fuente de haz
 []


Underfull \hbox (badness 10000) in paragraph at lines 1399--1399
\OT1/cmr/m/n/12 de acidez o al-calin-idad
 []


Underfull \hbox (badness 1259) in paragraph at lines 1399--1399
[]|\OT1/cmr/m/n/12 Medicion de la difer-en-cia
 []


Underfull \hbox (badness 10000) in paragraph at lines 1399--1399
[]|\OT1/cmr/m/n/12 Medidor de Cloro
 []


Underfull \hbox (badness 10000) in paragraph at lines 1399--1399
[]|\OT1/cmr/m/n/12 Medicion am-perometrica
 []


Underfull \hbox (badness 10000) in paragraph at lines 1399--1399
\OT1/cmr/m/n/12 con po-ten-cial con-stante,
 []


Underfull \hbox (badness 6893) in paragraph at lines 1399--1399
\OT1/cmr/m/n/12 he-cho a traves de dos
 []


Underfull \hbox (badness 10000) in paragraph at lines 1399--1399
\OT1/cmr/m/n/12 elec-trodo de ref-er-en-cia.
 []


Underfull \hbox (badness 4120) in paragraph at lines 1399--1399
\OT1/cmr/m/n/12 La cor-ri-ente con-sume el
 []


Underfull \hbox (badness 10000) in paragraph at lines 1399--1399
[]|\OT1/cmr/m/n/12 Deteccion del color
 []


Underfull \hbox (badness 10000) in paragraph at lines 1399--1399
\OT1/cmr/m/n/12 me-di-ante la medicion
 []


Underfull \hbox (badness 10000) in paragraph at lines 1399--1399
\OT1/cmr/m/n/12 de la can-ti-dad de luz
 []


Underfull \hbox (badness 10000) in paragraph at lines 1399--1399
[]|\OT1/cmr/m/n/12 Se pro-duce un rango
 []


Underfull \hbox (badness 7415) in paragraph at lines 1399--1399
\OT1/cmr/m/n/12 de-seado de lon-gi-tud de
 []


Underfull \hbox (badness 1540) in paragraph at lines 1399--1399
\OT1/cmr/m/n/12 onda de luz que pasa a
 []


Underfull \hbox (badness 3492) in paragraph at lines 1399--1399
\OT1/cmr/m/n/12 traves de la mues-tra y,
 []


Underfull \hbox (badness 10000) in paragraph at lines 1399--1399
\OT1/cmr/m/n/12 me-di-ante un fotometro,
 []


Package Fancyhdr Warning: \headheight is too small (12.0pt): 
 Make it at least 14.49998pt.
 We now make it that large for the rest of the document.
 This may cause the page layout to be inconsistent, however.

[67

]

Package Fancyhdr Warning: \headheight is too small (12.0pt): 
 Make it at least 14.49998pt.
 We now make it that large for the rest of the document.
 This may cause the page layout to be inconsistent, however.

[68pdfTeX warning (ext4): destination with the same identifier (name{table.6.1}
) has been already used, duplicate ignored

\@EveryShipout@Output ...@Org@Shipout \box \@cclv 
                                                  
l.1418 	\bibliography{Bibliog}
                              ] (proyecto_YsisLacruz.bbl)

Package Fancyhdr Warning: \headheight is too small (12.0pt): 
 Make it at least 14.49998pt.
 We now make it that large for the rest of the document.
 This may cause the page layout to be inconsistent, however.

[69

]
Package atveryend Info: Empty hook `BeforeClearDocument' on input line 1425.
Package atveryend Info: Empty hook `AfterLastShipout' on input line 1425.
 (proyecto_YsisLacruz.aux)
Package atveryend Info: Executing hook `AtVeryEndDocument' on input line 1425.
Package atveryend Info: Executing hook `AtEndAfterFileList' on input line 1425.

Package rerunfilecheck Info: File `proyecto_YsisLacruz.out' has not changed.
(rerunfilecheck)             Checksum: E455E7F78283D609F5B4A8450E972BFC;4547.


LaTeX Warning: There were undefined references.


LaTeX Warning: There were multiply-defined labels.

Package atveryend Info: Empty hook `AtVeryVeryEnd' on input line 1425.
 ) 
Here is how much of TeX's memory you used:
 28733 strings out of 492973
 553480 string characters out of 3127135
 604125 words of memory out of 3000000
 31985 multiletter control sequences out of 15000+200000
 540357 words of font info for 53 fonts, out of 3000000 for 9000
 1141 hyphenation exceptions out of 8191
 62i,14n,65p,1923b,389s stack positions out of 5000i,500n,10000p,200000b,50000s
<C:/Users/Ysis/AppData/Local/Programs/MiKTeX 2.9/fonts/type1/public/amsfonts/
cm/cmbx12.pfb><C:/Users/Ysis/AppData/Local/Programs/MiKTeX 2.9/fonts/type1/publ
ic/amsfonts/cm/cmcsc10.pfb><C:/Users/Ysis/AppData/Local/Programs/MiKTeX 2.9/fon
ts/type1/public/amsfonts/cm/cmex10.pfb><C:/Users/Ysis/AppData/Local/Programs/Mi
KTeX 2.9/fonts/type1/public/amsfonts/cm/cmmi12.pfb><C:/Users/Ysis/AppData/Local
/Programs/MiKTeX 2.9/fonts/type1/public/amsfonts/cm/cmmi8.pfb><C:/Users/Ysis/Ap
pData/Local/Programs/MiKTeX 2.9/fonts/type1/public/amsfonts/cm/cmr12.pfb><C:/Us
ers/Ysis/AppData/Local/Programs/MiKTeX 2.9/fonts/type1/public/amsfonts/cm/cmr8.
pfb><C:/Users/Ysis/AppData/Local/Programs/MiKTeX 2.9/fonts/type1/public/amsfont
s/cm/cmsy10.pfb><C:/Users/Ysis/AppData/Local/Programs/MiKTeX 2.9/fonts/type1/pu
blic/amsfonts/cm/cmsy8.pfb><C:/Users/Ysis/AppData/Local/Programs/MiKTeX 2.9/fon
ts/type1/public/amsfonts/cm/cmti12.pfb>
Output written on proyecto_YsisLacruz.pdf (75 pages, 9845183 bytes).
PDF statistics:
 861 PDF objects out of 1000 (max. 8388607)
 193 named destinations out of 1000 (max. 500000)
 671 words of extra memory for PDF output out of 10000 (max. 10000000)

